{"context": "\n\n\u306f\u3058\u3081\u306b\n\u6700\u8fd1\u30af\u30a8\u30ea\u30c1\u30e5\u30fc\u30cb\u30f3\u30b0\u3092\u884c\u306a\u3044\u307e\u3057\u305f\u3002\n\u305d\u306e\u969b\u8abf\u3079\u3066\u3082MySQL\u306b\u6bd4\u3079\u308b\u3068\u60c5\u5831\u304c\u5c11\u306a\u3044\u306a\u3068\u611f\u3058\u305f\u306e\u3067\u3001\u30e1\u30e2\u3068\u3057\u3066\u6b8b\u3057\u3066\u304a\u304d\u305f\u3044\u3068\u601d\u3044\u307e\u3057\u305f\u3002\n\u30b9\u30ed\u30fc\u30af\u30a8\u30ea\u2192\u8ca0\u8377\u306e\u9ad8\u3044\u30af\u30a8\u30ea\u306e\u7279\u5b9a\u2192\u691c\u8a3c\u7528\u306e\u74b0\u5883\u3067\u30c1\u30e5\u30fc\u30cb\u30f3\u30b0\u3068\u3044\u3046\u6d41\u308c\u3067\u884c\u3044\u307e\u3057\u305f\u3002\n\n\u3069\u3093\u306a\u72b6\u6cc1\u3060\u3063\u305f\u304b\n\u3056\u3063\u304f\u308a\u3068\u3053\u3093\u306a\u30af\u30a8\u30ea\u304c\u6d41\u308c\u3066\u3044\u305f\u306e\u3067\u3059\u304c\u3001\u691c\u8a3c\u7528\u306e\u74b0\u5883\u3067\u3053\u306e\u30af\u30a8\u30ea\u3092\u6295\u3052\u3066\u307f\u305f\u3089\u4e0b\u8a18\u306e\u3088\u3046\u306a\u611f\u3058\u3067\u3057\u305f\u3002\n1\u30af\u30a8\u30ea\u30679\u79d2\u304f\u3089\u3044\u304b\u304b\u3063\u3066\u3044\u308b\u30fb\u30fb\u30fb\nexplain analyze select * from target_table\nwhere id = 1 and target > 0 and delete_flg = 0\norder by date desc limit 10 offset 0;\n                                                                 QUERY PLAN\n\n-----------------------------------------------------------------------------------------------------------------------\n---------------------\nLimit  (cost=5274.83..5274.88 rows=10 width=194) (actual time=9256.846..9256.856 rows=10 loops=1)\n   ->  Sort  (cost=5274.83..5278.10 rows=1308 width=194) (actual time=9256.844..9256.848 rows=10 loops=1)\n         Sort Key: (date)\n         Sort Method: top-N heapsort  Memory: 30kB\n         ->  Bitmap Heap Scan on target_table  (cost=26.78..5240.03 rows=1308 width=194) (actual time=377.452..9251.68\n1 rows=5597 loops=1)\n               Recheck Cond: (id = 1)\n               Filter: ((target > 0) AND (delete_flg = 0))\n               Rows Removed by Filter: 91\n               ->  Bitmap Index Scan on idx_id  (cost=0.00..26.45 rows=1318 width=0) (actual time=376.085..376.08\n5 rows=5688 loops=1)\n                     Index Cond: (id = 1)\n Total runtime: 9256.909 ms\n(11 \u884c)\n\n\u30a4\u30f3\u30c7\u30c3\u30af\u30b9\u306f\u4f7f\u308f\u308c\u3066\u3044\u308b\u3088\u3046\u3067\u3059\u304c\u3001\u30c6\u30fc\u30d6\u30eb\u304b\u3089\u30c7\u30fc\u30bf\u3092\u53d6\u5f97\u3057\u3066\u304f\u308b\u3068\u3053\u308d\u3067\u6642\u9593\u304c\u304b\u304b\u3063\u3066\u3044\u305d\u3046\u3067\u3057\u305f\u3002\n\u5b9f\u969b\u306b\u306fsort\u3057\u305f\u30c7\u30fc\u30bf\u306e\u4e2d\u304b\u308910\u4ef6\u53d6\u5f97\u3092\u3059\u308c\u3070\u826f\u3044\u3060\u3051\u306a\u306e\u3067\u3001\u3069\u3046\u306b\u304b\u306a\u3089\u306a\u3044\u304b\u3068PostgreSQL\u306e\u30c9\u30ad\u30e5\u30e1\u30f3\u30c8\u3092\u8aad\u3093\u3067\u3044\u305f\u3089\u3053\u3093\u306a\u3053\u3068\u304c\u66f8\u3044\u3066\u3042\u308a\u307e\u3057\u305f\u3002\nhttps://www.postgresql.jp/document/9.3/html/indexes-ordering.html \n\n11.4. \u30a4\u30f3\u30c7\u30c3\u30af\u30b9\u3068ORDER BY\n\u300cORDER BY\u3068LIMIT n\u304c\u7d44\u307f\u5408\u308f\u3055\u308c\u305f\u5834\u5408\u304c\u3001\u91cd\u8981\u304b\u3064\u7279\u5225\u3067\u3059\u3002\u5148\u982d\u306en\u884c\u3092\u8b58\u5225\u3059\u308b\u305f\u3081\u306b\u3001\u660e\u793a\u7684\u306a\u30bd\u30fc\u30c8\u3092\u5168\u30c7\u30fc\u30bf\u306b\u5bfe\u3057\u3066\u884c\u3046\u5fc5\u8981\u304c\u3042\u308a\u307e\u3059\u3002 \u3057\u304b\u3057\u3001\u3082\u3057ORDER BY\u306b\u5408\u3046\u30a4\u30f3\u30c7\u30c3\u30af\u30b9\u304c\u5b58\u5728\u3059\u308c\u3070\u3001\u6b8b\u308a\u306e\u90e8\u5206\u3092\u30b9\u30ad\u30e3\u30f3\u3059\u308b\u3053\u3068\u306a\u304f\u3001\u5148\u982d\u306en\u884c\u306e\u53d6\u308a\u51fa\u3057\u3092\u76f4\u63a5\u884c\u3046\u3053\u3068\u304c\u3067\u304d\u307e\u3059\u3002\u300d\n\n\n\u5b9f\u969b\u306b\u30c1\u30e5\u30fc\u30cb\u30f3\u30b0\u3059\u308b\n\u30c9\u30ad\u30e5\u30e1\u30f3\u30c8\u306b\u3042\u3063\u305f\u901a\u308a\u3001ORDER BY\u306b\u5408\u3046\u30a4\u30f3\u30c7\u30c3\u30af\u30b9\u3092\u4f5c\u6210\u3057\u3066\u30c6\u30fc\u30d6\u30eb\u5168\u4f53\u3092\u30b9\u30ad\u30e3\u30f3\u3055\u305b\u306a\u3044\u3088\u3046\u306b\u3057\u307e\u3059\u3002\n\u307e\u305f\u3001where\u53e5\u3067\u6307\u5b9a\u3055\u308c\u3066\u3044\u308b\u30ab\u30e9\u30e0\u3068\u8907\u5408\u30a4\u30f3\u30c7\u30c3\u30af\u30b9\u306b\u3057\u305f\u304b\u3063\u305f\u306e\u3067\u3001\u4e00\u65e6\u30af\u30a8\u30ea\u304c\u3053\u306e\u307e\u307e\u3067\u826f\u3044\u306e\u304b\u898b\u76f4\u3057\u307e\u3059\u3002\n\n\u30af\u30a8\u30ea\u306e\u5909\u66f4\n\u305d\u3082\u305d\u3082delete_flg\u306f\u4f7f\u7528\u3055\u308c\u3066\u304a\u3089\u305a\u3001offset0\u3082\u5fc5\u8981\u304c\u306a\u3044\u3001target > 0\u3082\u4ed5\u69d8\u7684\u306b\u524a\u9664\u3057\u3066\u554f\u984c\u304c\u306a\u304b\u3063\u305f\u306e\u3067\u524a\u9664\u3057\u307e\u3057\u305f\u3002\nexplain analyze select * from target_table where id = 1 order by date desc limit 10;\n\n\n\u30a4\u30f3\u30c7\u30c3\u30af\u30b9\u306e\u5909\u66f4\n\u6b21\u306b\u30a4\u30f3\u30c7\u30c3\u30af\u30b9\u3092\u5909\u66f4\u3057\u3066\u3044\u304d\u307e\u3059\u3002\nCREATE INDEX test_idx ON target_table(id, date DESC);\n\nexplain analyze select * from target_table\nwhere id = 1 order by date desc limit 10;\n                                                                     QUERY PLAN\n\n-----------------------------------------------------------------------------------------------------------------------\n------------------------------\n Limit  (cost=0.56..81.34 rows=10 width=194) (actual time=0.048..0.204 rows=10 loops=1)\n   ->  Index Scan using test_idx on target_table  (cost=0.56..5323.61 rows=1318 width=194) (actual time=\n0.047..0.196 rows=10 loops=1)\n         Index Cond: (id = 1)\n Total runtime: 0.229 ms\n(4 \u884c)\n\n\u65e9\u304f\u306a\u308a\u307e\u3057\u305f\u3002\u5b9f\u884c\u8a08\u753b\u3092\u898b\u308b\u3068\u4f59\u8a08\u306afilter\u3068sort\u304c\u306a\u304f\u306a\u3063\u3066\u3044\u307e\u3059\u3002\n(\u30ad\u30e3\u30c3\u30b7\u30e5\u306e\u5f71\u97ff\u3067\u5b9f\u884c\u6642\u9593\u304c\u77ed\u304f\u306a\u3089\u306a\u3044\u3088\u3046\u306b\u3001\u5b9f\u969b\u306b\u306fid\u3092\u5909\u66f4\u3057\u3066\u3044\u307e\u3059\u3002)\nORDER BY\u306b\u5408\u3046\u30a4\u30f3\u30c7\u30c3\u30af\u30b9\u304c\u5b58\u5728\u3057\u305f\u306e\u3067\u3001\u6b8b\u308a\u306e\u90e8\u5206\u3092\u30b9\u30ad\u30e3\u30f3\u3059\u308b\u3053\u3068\u306a\u304f\u3001\u5148\u982d\u306en\u884c\u306e\u53d6\u308a\u51fa\u3057\u3092\u76f4\u63a5\u884c\u3063\u305f\u306e\u3067\u3057\u3087\u3046\u3002\nLimit\u3068Index Scan\u306e\u521d\u671f\u30b3\u30b9\u30c8\u304c\u540c\u3058\u304f0.56\u3067\u3059\u304c\u3001\u30c8\u30fc\u30bf\u30eb\u30b3\u30b9\u30c8\u306fLimit\u304c81.34\u306b\u5bfe\u3057\u3066Index Scan\u304c5323.1\u3068\u306a\u3063\u3066\u3044\u307e\u3059\u3002\n\n\u30a4\u30f3\u30c7\u30c3\u30af\u30b9\u306bNULLS LAST\u3092\u6307\u5b9a\u3057\u3066\u3044\u305f\u3089\u3067\u304d\u306a\u304b\u3063\u305f\nCREATE INDEX test_idx ON target_table(id, date DESC NULLS LAST);\n\n\u6700\u521d\u306fNULLS LAST\u3092\u8a2d\u5b9a\u3057\u305f\u306e\u3067\u3059\u304c\u3001explain\u6587\u3092\u898b\u3066\u3082sort\u3092\u7701\u7565\u3059\u308b\u3053\u3068\u304c\u3067\u304d\u307e\u305b\u3093\u3067\u3057\u305f\u3002\n\u30af\u30a8\u30ea\u304corder by date desc\u306a\u306e\u306b\u5bfe\u3057\u3066\u3001\u30a4\u30f3\u30c7\u30c3\u30af\u30b9\u306bNULLS LAST\u304c\u6307\u5b9a\u3055\u308c\u3066\u3044\u305f\u305f\u3081\n\u30a4\u30f3\u30c7\u30c3\u30af\u30b9\u3068order by\u306e\u6307\u5b9a\u304c\u63c3\u3063\u3066\u3044\u306a\u3044\u3068\u5224\u65ad\u3055\u308c\u3066\u3057\u307e\u3063\u305f\u53ef\u80fd\u6027\u304c\u3042\u308a\u307e\u3059\u3002\n\n\u307e\u3068\u3081\norder by\u3068limit\u304c\u30af\u30a8\u30ea\u306b\u542b\u307e\u308c\u3066\u3044\u308b\u5834\u5408\u306b\u306f\u3001order by\u306b\u5408\u3046\u30a4\u30f3\u30c7\u30c3\u30af\u30b9\u3092\u4f5c\u6210\u3059\u308b\u3053\u3068\u3067\u3001limit\u3067\u6307\u5b9a\u3092\u3057\u305f\u6570\u4ee5\u4e0a\u306e\u30b9\u30ad\u30e3\u30f3\u3059\u308b\u3053\u3068\u304c\u306a\u304f\u306a\u308a\u307e\u3059\u3002\n#\u306f\u3058\u3081\u306b\n\u6700\u8fd1\u30af\u30a8\u30ea\u30c1\u30e5\u30fc\u30cb\u30f3\u30b0\u3092\u884c\u306a\u3044\u307e\u3057\u305f\u3002\n\u305d\u306e\u969b\u8abf\u3079\u3066\u3082MySQL\u306b\u6bd4\u3079\u308b\u3068\u60c5\u5831\u304c\u5c11\u306a\u3044\u306a\u3068\u611f\u3058\u305f\u306e\u3067\u3001\u30e1\u30e2\u3068\u3057\u3066\u6b8b\u3057\u3066\u304a\u304d\u305f\u3044\u3068\u601d\u3044\u307e\u3057\u305f\u3002\n\n\u30b9\u30ed\u30fc\u30af\u30a8\u30ea\u2192\u8ca0\u8377\u306e\u9ad8\u3044\u30af\u30a8\u30ea\u306e\u7279\u5b9a\u2192\u691c\u8a3c\u7528\u306e\u74b0\u5883\u3067\u30c1\u30e5\u30fc\u30cb\u30f3\u30b0\u3068\u3044\u3046\u6d41\u308c\u3067\u884c\u3044\u307e\u3057\u305f\u3002\n\n#\u3069\u3093\u306a\u72b6\u6cc1\u3060\u3063\u305f\u304b\n\u3056\u3063\u304f\u308a\u3068\u3053\u3093\u306a\u30af\u30a8\u30ea\u304c\u6d41\u308c\u3066\u3044\u305f\u306e\u3067\u3059\u304c\u3001\u691c\u8a3c\u7528\u306e\u74b0\u5883\u3067\u3053\u306e\u30af\u30a8\u30ea\u3092\u6295\u3052\u3066\u307f\u305f\u3089\u4e0b\u8a18\u306e\u3088\u3046\u306a\u611f\u3058\u3067\u3057\u305f\u3002\n1\u30af\u30a8\u30ea\u30679\u79d2\u304f\u3089\u3044\u304b\u304b\u3063\u3066\u3044\u308b\u30fb\u30fb\u30fb\n\n```sql\nexplain analyze select * from target_table\nwhere id = 1 and target > 0 and delete_flg = 0\norder by date desc limit 10 offset 0;\n                                                                 QUERY PLAN\n\n-----------------------------------------------------------------------------------------------------------------------\n---------------------\nLimit  (cost=5274.83..5274.88 rows=10 width=194) (actual time=9256.846..9256.856 rows=10 loops=1)\n   ->  Sort  (cost=5274.83..5278.10 rows=1308 width=194) (actual time=9256.844..9256.848 rows=10 loops=1)\n         Sort Key: (date)\n         Sort Method: top-N heapsort  Memory: 30kB\n         ->  Bitmap Heap Scan on target_table  (cost=26.78..5240.03 rows=1308 width=194) (actual time=377.452..9251.68\n1 rows=5597 loops=1)\n               Recheck Cond: (id = 1)\n               Filter: ((target > 0) AND (delete_flg = 0))\n               Rows Removed by Filter: 91\n               ->  Bitmap Index Scan on idx_id  (cost=0.00..26.45 rows=1318 width=0) (actual time=376.085..376.08\n5 rows=5688 loops=1)\n                     Index Cond: (id = 1)\n Total runtime: 9256.909 ms\n(11 \u884c)\n```\n\u30a4\u30f3\u30c7\u30c3\u30af\u30b9\u306f\u4f7f\u308f\u308c\u3066\u3044\u308b\u3088\u3046\u3067\u3059\u304c\u3001\u30c6\u30fc\u30d6\u30eb\u304b\u3089\u30c7\u30fc\u30bf\u3092\u53d6\u5f97\u3057\u3066\u304f\u308b\u3068\u3053\u308d\u3067\u6642\u9593\u304c\u304b\u304b\u3063\u3066\u3044\u305d\u3046\u3067\u3057\u305f\u3002\n\u5b9f\u969b\u306b\u306fsort\u3057\u305f\u30c7\u30fc\u30bf\u306e\u4e2d\u304b\u308910\u4ef6\u53d6\u5f97\u3092\u3059\u308c\u3070\u826f\u3044\u3060\u3051\u306a\u306e\u3067\u3001\u3069\u3046\u306b\u304b\u306a\u3089\u306a\u3044\u304b\u3068PostgreSQL\u306e\u30c9\u30ad\u30e5\u30e1\u30f3\u30c8\u3092\u8aad\u3093\u3067\u3044\u305f\u3089\u3053\u3093\u306a\u3053\u3068\u304c\u66f8\u3044\u3066\u3042\u308a\u307e\u3057\u305f\u3002\nhttps://www.postgresql.jp/document/9.3/html/indexes-ordering.html \n>11.4. \u30a4\u30f3\u30c7\u30c3\u30af\u30b9\u3068ORDER BY\n\u300cORDER BY\u3068LIMIT n\u304c\u7d44\u307f\u5408\u308f\u3055\u308c\u305f\u5834\u5408\u304c\u3001\u91cd\u8981\u304b\u3064\u7279\u5225\u3067\u3059\u3002\u5148\u982d\u306en\u884c\u3092\u8b58\u5225\u3059\u308b\u305f\u3081\u306b\u3001\u660e\u793a\u7684\u306a\u30bd\u30fc\u30c8\u3092\u5168\u30c7\u30fc\u30bf\u306b\u5bfe\u3057\u3066\u884c\u3046\u5fc5\u8981\u304c\u3042\u308a\u307e\u3059\u3002 \u3057\u304b\u3057\u3001\u3082\u3057ORDER BY\u306b\u5408\u3046\u30a4\u30f3\u30c7\u30c3\u30af\u30b9\u304c\u5b58\u5728\u3059\u308c\u3070\u3001\u6b8b\u308a\u306e\u90e8\u5206\u3092\u30b9\u30ad\u30e3\u30f3\u3059\u308b\u3053\u3068\u306a\u304f\u3001\u5148\u982d\u306en\u884c\u306e\u53d6\u308a\u51fa\u3057\u3092\u76f4\u63a5\u884c\u3046\u3053\u3068\u304c\u3067\u304d\u307e\u3059\u3002\u300d\n\n\n#\u5b9f\u969b\u306b\u30c1\u30e5\u30fc\u30cb\u30f3\u30b0\u3059\u308b\n\u30c9\u30ad\u30e5\u30e1\u30f3\u30c8\u306b\u3042\u3063\u305f\u901a\u308a\u3001ORDER BY\u306b\u5408\u3046\u30a4\u30f3\u30c7\u30c3\u30af\u30b9\u3092\u4f5c\u6210\u3057\u3066\u30c6\u30fc\u30d6\u30eb\u5168\u4f53\u3092\u30b9\u30ad\u30e3\u30f3\u3055\u305b\u306a\u3044\u3088\u3046\u306b\u3057\u307e\u3059\u3002\n\u307e\u305f\u3001where\u53e5\u3067\u6307\u5b9a\u3055\u308c\u3066\u3044\u308b\u30ab\u30e9\u30e0\u3068\u8907\u5408\u30a4\u30f3\u30c7\u30c3\u30af\u30b9\u306b\u3057\u305f\u304b\u3063\u305f\u306e\u3067\u3001\u4e00\u65e6\u30af\u30a8\u30ea\u304c\u3053\u306e\u307e\u307e\u3067\u826f\u3044\u306e\u304b\u898b\u76f4\u3057\u307e\u3059\u3002\n\n###\u30af\u30a8\u30ea\u306e\u5909\u66f4\n\u305d\u3082\u305d\u3082delete_flg\u306f\u4f7f\u7528\u3055\u308c\u3066\u304a\u3089\u305a\u3001offset0\u3082\u5fc5\u8981\u304c\u306a\u3044\u3001target > 0\u3082\u4ed5\u69d8\u7684\u306b\u524a\u9664\u3057\u3066\u554f\u984c\u304c\u306a\u304b\u3063\u305f\u306e\u3067\u524a\u9664\u3057\u307e\u3057\u305f\u3002\n\n```sql\nexplain analyze select * from target_table where id = 1 order by date desc limit 10;\n```\n\n###\u30a4\u30f3\u30c7\u30c3\u30af\u30b9\u306e\u5909\u66f4\n\u6b21\u306b\u30a4\u30f3\u30c7\u30c3\u30af\u30b9\u3092\u5909\u66f4\u3057\u3066\u3044\u304d\u307e\u3059\u3002\n\n```sql\nCREATE INDEX test_idx ON target_table(id, date DESC);\n```\n\n```sql\nexplain analyze select * from target_table\nwhere id = 1 order by date desc limit 10;\n                                                                     QUERY PLAN\n\n-----------------------------------------------------------------------------------------------------------------------\n------------------------------\n Limit  (cost=0.56..81.34 rows=10 width=194) (actual time=0.048..0.204 rows=10 loops=1)\n   ->  Index Scan using test_idx on target_table  (cost=0.56..5323.61 rows=1318 width=194) (actual time=\n0.047..0.196 rows=10 loops=1)\n         Index Cond: (id = 1)\n Total runtime: 0.229 ms\n(4 \u884c)\n```\n\n\u65e9\u304f\u306a\u308a\u307e\u3057\u305f\u3002\u5b9f\u884c\u8a08\u753b\u3092\u898b\u308b\u3068\u4f59\u8a08\u306afilter\u3068sort\u304c\u306a\u304f\u306a\u3063\u3066\u3044\u307e\u3059\u3002\n(\u30ad\u30e3\u30c3\u30b7\u30e5\u306e\u5f71\u97ff\u3067\u5b9f\u884c\u6642\u9593\u304c\u77ed\u304f\u306a\u3089\u306a\u3044\u3088\u3046\u306b\u3001\u5b9f\u969b\u306b\u306fid\u3092\u5909\u66f4\u3057\u3066\u3044\u307e\u3059\u3002)\n\nORDER BY\u306b\u5408\u3046\u30a4\u30f3\u30c7\u30c3\u30af\u30b9\u304c\u5b58\u5728\u3057\u305f\u306e\u3067\u3001\u6b8b\u308a\u306e\u90e8\u5206\u3092\u30b9\u30ad\u30e3\u30f3\u3059\u308b\u3053\u3068\u306a\u304f\u3001\u5148\u982d\u306en\u884c\u306e\u53d6\u308a\u51fa\u3057\u3092\u76f4\u63a5\u884c\u3063\u305f\u306e\u3067\u3057\u3087\u3046\u3002\nLimit\u3068Index Scan\u306e\u521d\u671f\u30b3\u30b9\u30c8\u304c\u540c\u3058\u304f0.56\u3067\u3059\u304c\u3001\u30c8\u30fc\u30bf\u30eb\u30b3\u30b9\u30c8\u306fLimit\u304c81.34\u306b\u5bfe\u3057\u3066Index Scan\u304c5323.1\u3068\u306a\u3063\u3066\u3044\u307e\u3059\u3002\n\n###\u30a4\u30f3\u30c7\u30c3\u30af\u30b9\u306bNULLS LAST\u3092\u6307\u5b9a\u3057\u3066\u3044\u305f\u3089\u3067\u304d\u306a\u304b\u3063\u305f\n\n```sql\nCREATE INDEX test_idx ON target_table(id, date DESC NULLS LAST);\n```\n\n\u6700\u521d\u306fNULLS LAST\u3092\u8a2d\u5b9a\u3057\u305f\u306e\u3067\u3059\u304c\u3001explain\u6587\u3092\u898b\u3066\u3082sort\u3092\u7701\u7565\u3059\u308b\u3053\u3068\u304c\u3067\u304d\u307e\u305b\u3093\u3067\u3057\u305f\u3002\n\u30af\u30a8\u30ea\u304c```order by date desc```\u306a\u306e\u306b\u5bfe\u3057\u3066\u3001\u30a4\u30f3\u30c7\u30c3\u30af\u30b9\u306b```NULLS LAST```\u304c\u6307\u5b9a\u3055\u308c\u3066\u3044\u305f\u305f\u3081\n\u30a4\u30f3\u30c7\u30c3\u30af\u30b9\u3068order by\u306e\u6307\u5b9a\u304c\u63c3\u3063\u3066\u3044\u306a\u3044\u3068\u5224\u65ad\u3055\u308c\u3066\u3057\u307e\u3063\u305f\u53ef\u80fd\u6027\u304c\u3042\u308a\u307e\u3059\u3002\n\n#\u307e\u3068\u3081\norder by\u3068limit\u304c\u30af\u30a8\u30ea\u306b\u542b\u307e\u308c\u3066\u3044\u308b\u5834\u5408\u306b\u306f\u3001order by\u306b\u5408\u3046\u30a4\u30f3\u30c7\u30c3\u30af\u30b9\u3092\u4f5c\u6210\u3059\u308b\u3053\u3068\u3067\u3001limit\u3067\u6307\u5b9a\u3092\u3057\u305f\u6570\u4ee5\u4e0a\u306e\u30b9\u30ad\u30e3\u30f3\u3059\u308b\u3053\u3068\u304c\u306a\u304f\u306a\u308a\u307e\u3059\u3002\n", "tags": ["PostgreSQL", "Database", "index"]}