{"context": " More than 1 year has passed since last update.\n\n\u30d2\u30f3\u30c8\u53e5\u306e\u66f8\u304d\u65b9\n\u5b9f\u52d9\u3067\u30d2\u30f3\u30c8\u3092\u66f8\u304f\u6a5f\u4f1a\u304c\u3042\u3063\u305f\u306e\u3067\u8abf\u3079\u305f\u3053\u3068\u3092\u30e1\u30e2\u3057\u3066\u304a\u304d\u307e\u3059\u3002\n\u30d2\u30f3\u30c8\u53e5\u306a\u3057\u3067\u306f\u3001NESTED LOOP\u7d50\u5408\u304c\u63a1\u7528\u3055\u308c\u308bSQL\u3092\u30d2\u30f3\u30c8\u53e5\u3092\u66f8\u304f\u3053\u3068\u3067HASH\u7d50\u5408\u3055\u308c\u308b\u3088\u3046\u306b\u3057\u3066\u307f\u307e\u3057\u3087\u3046\u3002\n\n\u30d2\u30f3\u30c8\u53e5\u306a\u3057\nexplain plan\n  set statement_id = 'no-hint'\n  for select\n          e.empid\n        , e.empname\n        , d.deptid\n        , d.deptname\n      from\n          emp e\n            inner join dept d\n              on d.deptid = e.deptid\n      where\n          e.empname = 'aaaa10'\n;\n\n\n\u5b9f\u884c\u8a08\u753b\u306fNESTED LOOP\u7d50\u5408\u306b\u306a\u3063\u3066\u3044\u307e\u3059\u3002\n\n\u5b9f\u884c\u7d50\u679c\nSQL> r\n  1* select * from table(dbms_xplan.display(format=>'ADVANCED', statement_id=>'no-hint'))\n\nPLAN_TABLE_OUTPUT\n----------------------------------------------------------------------------------------------\nPlan hash value: 1238628783\n\n--------------------------------------------------------------------------------------------\n| Id  | Operation                    | Name        | Rows  | Bytes | Cost (%CPU)| Time     |\n--------------------------------------------------------------------------------------------\n|   0 | SELECT STATEMENT             |             |     3 |   210 |    71   (0)| 00:00:01 |\n|   1 |  NESTED LOOPS                |             |       |       |            |          |\n|   2 |   NESTED LOOPS               |             |     3 |   210 |    71   (0)| 00:00:01 |\n|*  3 |    TABLE ACCESS FULL         | EMP         |     3 |   123 |    68   (0)| 00:00:01 |\n|*  4 |    INDEX UNIQUE SCAN         | SYS_C007535 |     1 |       |     0   (0)| 00:00:01 |\n|   5 |   TABLE ACCESS BY INDEX ROWID| DEPT        |     1 |    29 |     1   (0)| 00:00:01 |\n--------------------------------------------------------------------------------------------\n\nOutline Data\n-------------\n\n  /*+\n      BEGIN_OUTLINE_DATA\n      NLJ_BATCHING(@\"SEL$58A6D7F6\" \"D\"@\"SEL$1\")\n      USE_NL(@\"SEL$58A6D7F6\" \"D\"@\"SEL$1\")\n      LEADING(@\"SEL$58A6D7F6\" \"E\"@\"SEL$1\" \"D\"@\"SEL$1\")\n      INDEX(@\"SEL$58A6D7F6\" \"D\"@\"SEL$1\" (\"DEPT\".\"DEPTID\"))\n      FULL(@\"SEL$58A6D7F6\" \"E\"@\"SEL$1\")\n      OUTLINE(@\"SEL$1\")\n      OUTLINE(@\"SEL$2\")\n      MERGE(@\"SEL$1\")\n      OUTLINE_LEAF(@\"SEL$58A6D7F6\")\n      ALL_ROWS\n      DB_VERSION('11.2.0.2')\n      OPTIMIZER_FEATURES_ENABLE('11.2.0.2')\n      IGNORE_OPTIM_EMBEDDED_HINTS\n      END_OUTLINE_DATA\n  */\n\n\n\u305d\u308c\u3067\u306f\u3001\u666e\u901a\u306b\u30d2\u30f3\u30c8\u53e5\u3092\u66f8\u3044\u3066\u307f\u307e\u3057\u3087\u3046\u3002HASH\u7d50\u5408\u306e\u30d2\u30f3\u30c8\u53e5\u306fuse_hash(\u8868\u540d)\u3067\u3059\u3002\u3053\u306e\u3068\u304d\u6c17\u3092\u4ed8\u3051\u308b\u3053\u3068\u306f\u30af\u30a8\u30ea\u5185\u3067\u8868\u306b\u5225\u540d\u3092\u6307\u5b9a\u3057\u3066\u3044\u308b\u5834\u5408\u306f\u5225\u540d\u3092\u66f8\u304f\u5fc5\u8981\u304c\u3042\u308b\u3053\u3068\u3067\u3059\u3002\n\n\u666e\u901a\u306e\u66f8\u304d\u65b9\nexplain plan\n  set statement_id = 'normal-hint'\n  for select\n          /*+ use_hash(e d) */ -- \u6307\u5b9a\u3057\u305f\u5225\u540d\u3067\u30c6\u30fc\u30d6\u30eb\u3092\u6307\u5b9a\n          e.empid\n        , e.empname\n        , d.deptid\n        , d.deptname\n      from\n          emp e\n            inner join dept d\n              on d.deptid = e.deptid\n      where\n          e.empname = 'aaaa10'\n;\n\n\n\u5b9f\u884c\u8a08\u753b\u304cHASH\u7d50\u5408\u306b\u5909\u308f\u308a\u307e\u3057\u305f\u3002\n\n\u5b9f\u884c\u7d50\u679c\nSQL> select * from table(dbms_xplan.display(format=>'ADVANCED', statement_id=>'normal-hint'));\n\nPLAN_TABLE_OUTPUT\n----------------------------------------------------------------------------\nPlan hash value: 1123238657\n\n---------------------------------------------------------------------------\n| Id  | Operation          | Name | Rows  | Bytes | Cost (%CPU)| Time     |\n---------------------------------------------------------------------------\n|   0 | SELECT STATEMENT   |      |     1 |    53 |   101   (1)| 00:00:02 |\n|*  1 |  HASH JOIN         |      |     1 |    53 |   101   (1)| 00:00:02 |\n|*  2 |   TABLE ACCESS FULL| EMP  |     1 |    32 |    68   (0)| 00:00:01 |\n|   3 |   TABLE ACCESS FULL| DEPT | 30000 |   615K|    32   (0)| 00:00:01 |\n---------------------------------------------------------------------------\n\nOutline Data\n-------------\n\n  /*+\n      BEGIN_OUTLINE_DATA\n      USE_HASH(@\"SEL$58A6D7F6\" \"D\"@\"SEL$1\")\n      LEADING(@\"SEL$58A6D7F6\" \"E\"@\"SEL$1\" \"D\"@\"SEL$1\")\n      FULL(@\"SEL$58A6D7F6\" \"D\"@\"SEL$1\")\n      FULL(@\"SEL$58A6D7F6\" \"E\"@\"SEL$1\")\n      OUTLINE(@\"SEL$1\")\n      OUTLINE(@\"SEL$2\")\n      MERGE(@\"SEL$1\")\n      OUTLINE_LEAF(@\"SEL$58A6D7F6\")\n      ALL_ROWS\n      DB_VERSION('11.2.0.2')\n      OPTIMIZER_FEATURES_ENABLE('11.2.0.2')\n      IGNORE_OPTIM_EMBEDDED_HINTS\n      END_OUTLINE_DATA\n  */\n\n\n\u5225\u540d\u3067\u306f\u306a\u304f\u3001\u8868\u540d\u3092\u305d\u306e\u307e\u307e\u8a18\u8f09\u3057\u3066\u307f\u307e\u3059\u3002\n\n\u3060\u3081\u306a\u66f8\u304d\u65b9\nexplain plan\n  set statement_id = 'ng-hint'\n  for select\n          /*+ use_hash(emp dept) */ -- \u30c6\u30fc\u30d6\u30eb\u540d\u3092\u76f4\u63a5\u6307\u5b9a\uff08\u305f\u3060\u3057\u3001\u8868\u306b\u5225\u540d\u3092\u3064\u3051\u3066\u3044\u306a\u3051\u308c\u3070OK\uff09\n          e.empid\n        , e.empname\n        , d.deptid\n        , d.deptname\n      from\n          emp e\n            inner join dept d\n              on d.deptid = e.deptid\n      where\n          e.empname = 'aaaa10'\n;\n\n\n\u5b9f\u884c\u8a08\u753b\u306bHASH\u7d50\u5408\u304c\u63a1\u7528\u3055\u308c\u305a\u3001NESTED LOOP\u7d50\u5408\u306b\u306a\u308a\u307e\u3057\u305f\u3002\n\n\u5b9f\u884c\u7d50\u679c\nSQL> select * from table(dbms_xplan.display(format=>'ADVANCED', statement_id=>'ng-hint'));\n\nPLAN_TABLE_OUTPUT\n----------------------------------------------------------------------------------------------\nPlan hash value: 1238628783\n\n--------------------------------------------------------------------------------------------\n| Id  | Operation                    | Name        | Rows  | Bytes | Cost (%CPU)| Time     |\n--------------------------------------------------------------------------------------------\n|   0 | SELECT STATEMENT             |             |     1 |    53 |    69   (0)| 00:00:01 |\n|   1 |  NESTED LOOPS                |             |       |       |            |          |\n|   2 |   NESTED LOOPS               |             |     1 |    53 |    69   (0)| 00:00:01 |\n|*  3 |    TABLE ACCESS FULL         | EMP         |     1 |    32 |    68   (0)| 00:00:01 |\n|*  4 |    INDEX UNIQUE SCAN         | SYS_C007535 |     1 |       |     0   (0)| 00:00:01 |\n|   5 |   TABLE ACCESS BY INDEX ROWID| DEPT        |     1 |    21 |     1   (0)| 00:00:01 |\n--------------------------------------------------------------------------------------------\n\nOutline Data\n-------------\n\n  /*+\n      BEGIN_OUTLINE_DATA\n      NLJ_BATCHING(@\"SEL$58A6D7F6\" \"D\"@\"SEL$1\")\n      USE_NL(@\"SEL$58A6D7F6\" \"D\"@\"SEL$1\")\n      LEADING(@\"SEL$58A6D7F6\" \"E\"@\"SEL$1\" \"D\"@\"SEL$1\")\n      INDEX(@\"SEL$58A6D7F6\" \"D\"@\"SEL$1\" (\"DEPT\".\"DEPTID\"))\n      FULL(@\"SEL$58A6D7F6\" \"E\"@\"SEL$1\")\n      OUTLINE(@\"SEL$1\")\n      OUTLINE(@\"SEL$2\")\n      MERGE(@\"SEL$1\")\n      OUTLINE_LEAF(@\"SEL$58A6D7F6\")\n      ALL_ROWS\n      DB_VERSION('11.2.0.2')\n      OPTIMIZER_FEATURES_ENABLE('11.2.0.2')\n      IGNORE_OPTIM_EMBEDDED_HINTS\n      END_OUTLINE_DATA\n  */\n\n\n\u6700\u5f8c\u306bview\u5185\u306e\u30c6\u30fc\u30d6\u30eb\u306b\u5bfe\u3057\u3001\u30d2\u30f3\u30c8\u53e5\u3092\u6307\u5b9a\u3057\u305f\u3044\u5834\u5408\u306f\u3069\u3046\u3059\u308c\u3070\u3088\u3044\u3067\u3057\u3087\u3046\u304b\u3002view\u306eDDL\u5185\u306b\u30d2\u30f3\u30c8\u53e5\u3092\u66f8\u304f\u3053\u3068\u3082\u3067\u304d\u307e\u3059\u304c\u3001\u3053\u308c\u306f\u63a8\u5968\u3055\u308c\u3066\u3044\u307e\u305b\u3093\u3002view\u3092\u4f7f\u7528\u3059\u308b\u5074\u3067\u6700\u9069\u306a\u5b9f\u884c\u8a08\u753b\u304c\u63a1\u7528\u3055\u308c\u308b\u3053\u3068\u3092\u59a8\u3052\u308b\u304b\u3089\u306e\u3088\u3046\u3067\u3059\u3002\u305d\u3053\u3067\u3001\u30b0\u30ed\u30fc\u30d0\u30eb\u30d2\u30f3\u30c8\u3092\u4f7f\u7528\u3057\u307e\u3059\u3002\n\u30b0\u30ed\u30fc\u30d0\u30eb\u30d2\u30f3\u30c8\u306f(@queryblock \u88681, \u88682,...)\u306e\u5f62\u5f0f\u3067\u66f8\u304d\u307e\u3059\u3002\n\n\u30b0\u30ed\u30fc\u30d0\u30eb\u30d2\u30f3\u30c8\ncreate or replace view v as\n  select\n      e.empid\n    , e.empname\n    , d.deptid\n    , d.deptname\n  from\n      emp e\n        inner join dept d\n          on d.deptid = e.deptid\n;\nexplain plan\n  set statement_id = 'grobal-hint'\n  for select\n          /*+ use_hash(@sel$2 e d) */ -- grobal hint\n          empid\n        , empname\n        , deptid\n        , deptname\n      from\n          v\n      where\n          empname = 'aaaa10'\n;\n\n\nview\u5185\u306e\u30c6\u30fc\u30d6\u30eb\u306b\u5bfe\u3057\u3066\u3082\u30d2\u30f3\u30c8\u53e5\u3092\u6307\u5b9a\u3057\u3066HASH\u7d50\u5408\u304c\u63a1\u7528\u3055\u308c\u307e\u3057\u305f\u3002\n\n\u5b9f\u884c\u7d50\u679c\nSQL> select * from table(dbms_xplan.display(format=>'ADVANCED', statement_id=>'grobal-hint'));\n\nPLAN_TABLE_OUTPUT\n-------------------------------------------------------------------------------------------------------\nPlan hash value: 1123238657\n\n---------------------------------------------------------------------------\n| Id  | Operation          | Name | Rows  | Bytes | Cost (%CPU)| Time     |\n---------------------------------------------------------------------------\n|   0 | SELECT STATEMENT   |      |     1 |    53 |   101   (1)| 00:00:02 |\n|*  1 |  HASH JOIN         |      |     1 |    53 |   101   (1)| 00:00:02 |\n|*  2 |   TABLE ACCESS FULL| EMP  |     1 |    32 |    68   (0)| 00:00:01 |\n|   3 |   TABLE ACCESS FULL| DEPT | 30000 |   615K|    32   (0)| 00:00:01 |\n---------------------------------------------------------------------------\n\nOutline Data\n-------------\n\n  /*+\n      BEGIN_OUTLINE_DATA\n      USE_HASH(@\"SEL$73112EEC\" \"D\"@\"SEL$2\")\n      LEADING(@\"SEL$73112EEC\" \"E\"@\"SEL$2\" \"D\"@\"SEL$2\")\n      FULL(@\"SEL$73112EEC\" \"D\"@\"SEL$2\")\n      FULL(@\"SEL$73112EEC\" \"E\"@\"SEL$2\")\n      OUTLINE(@\"SEL$2\")\n      OUTLINE(@\"SEL$3\")\n      MERGE(@\"SEL$2\")\n      OUTLINE(@\"SEL$64EAE176\")\n      OUTLINE(@\"SEL$1\")\n      MERGE(@\"SEL$64EAE176\")\n      OUTLINE_LEAF(@\"SEL$73112EEC\")\n      ALL_ROWS\n      DB_VERSION('11.2.0.2')\n      OPTIMIZER_FEATURES_ENABLE('11.2.0.2')\n      IGNORE_OPTIM_EMBEDDED_HINTS\n      END_OUTLINE_DATA\n  */\n\n\n\u6025\u304e\u8db3\u3067\u66f8\u3044\u305f\u306e\u3067\u3001\u8fd1\u3044\u3046\u3061\u306b\u898b\u76f4\u3057\u307e\u3059\u3002\n# \u30d2\u30f3\u30c8\u53e5\u306e\u66f8\u304d\u65b9\n\u5b9f\u52d9\u3067\u30d2\u30f3\u30c8\u3092\u66f8\u304f\u6a5f\u4f1a\u304c\u3042\u3063\u305f\u306e\u3067\u8abf\u3079\u305f\u3053\u3068\u3092\u30e1\u30e2\u3057\u3066\u304a\u304d\u307e\u3059\u3002\n\u30d2\u30f3\u30c8\u53e5\u306a\u3057\u3067\u306f\u3001NESTED LOOP\u7d50\u5408\u304c\u63a1\u7528\u3055\u308c\u308bSQL\u3092\u30d2\u30f3\u30c8\u53e5\u3092\u66f8\u304f\u3053\u3068\u3067HASH\u7d50\u5408\u3055\u308c\u308b\u3088\u3046\u306b\u3057\u3066\u307f\u307e\u3057\u3087\u3046\u3002\n\n```sql:\u30d2\u30f3\u30c8\u53e5\u306a\u3057\nexplain plan\n  set statement_id = 'no-hint'\n  for select\n          e.empid\n        , e.empname\n        , d.deptid\n        , d.deptname\n      from\n          emp e\n            inner join dept d\n              on d.deptid = e.deptid\n      where\n          e.empname = 'aaaa10'\n;\n```\n\n\u5b9f\u884c\u8a08\u753b\u306fNESTED LOOP\u7d50\u5408\u306b\u306a\u3063\u3066\u3044\u307e\u3059\u3002\n\n```sql:\u5b9f\u884c\u7d50\u679c\nSQL> r\n  1* select * from table(dbms_xplan.display(format=>'ADVANCED', statement_id=>'no-hint'))\n\nPLAN_TABLE_OUTPUT\n----------------------------------------------------------------------------------------------\nPlan hash value: 1238628783\n\n--------------------------------------------------------------------------------------------\n| Id  | Operation                    | Name        | Rows  | Bytes | Cost (%CPU)| Time     |\n--------------------------------------------------------------------------------------------\n|   0 | SELECT STATEMENT             |             |     3 |   210 |    71   (0)| 00:00:01 |\n|   1 |  NESTED LOOPS                |             |       |       |            |          |\n|   2 |   NESTED LOOPS               |             |     3 |   210 |    71   (0)| 00:00:01 |\n|*  3 |    TABLE ACCESS FULL         | EMP         |     3 |   123 |    68   (0)| 00:00:01 |\n|*  4 |    INDEX UNIQUE SCAN         | SYS_C007535 |     1 |       |     0   (0)| 00:00:01 |\n|   5 |   TABLE ACCESS BY INDEX ROWID| DEPT        |     1 |    29 |     1   (0)| 00:00:01 |\n--------------------------------------------------------------------------------------------\n\nOutline Data\n-------------\n\n  /*+\n      BEGIN_OUTLINE_DATA\n      NLJ_BATCHING(@\"SEL$58A6D7F6\" \"D\"@\"SEL$1\")\n      USE_NL(@\"SEL$58A6D7F6\" \"D\"@\"SEL$1\")\n      LEADING(@\"SEL$58A6D7F6\" \"E\"@\"SEL$1\" \"D\"@\"SEL$1\")\n      INDEX(@\"SEL$58A6D7F6\" \"D\"@\"SEL$1\" (\"DEPT\".\"DEPTID\"))\n      FULL(@\"SEL$58A6D7F6\" \"E\"@\"SEL$1\")\n      OUTLINE(@\"SEL$1\")\n      OUTLINE(@\"SEL$2\")\n      MERGE(@\"SEL$1\")\n      OUTLINE_LEAF(@\"SEL$58A6D7F6\")\n      ALL_ROWS\n      DB_VERSION('11.2.0.2')\n      OPTIMIZER_FEATURES_ENABLE('11.2.0.2')\n      IGNORE_OPTIM_EMBEDDED_HINTS\n      END_OUTLINE_DATA\n  */\n```\n\n\u305d\u308c\u3067\u306f\u3001\u666e\u901a\u306b\u30d2\u30f3\u30c8\u53e5\u3092\u66f8\u3044\u3066\u307f\u307e\u3057\u3087\u3046\u3002HASH\u7d50\u5408\u306e\u30d2\u30f3\u30c8\u53e5\u306fuse_hash(\u8868\u540d)\u3067\u3059\u3002\u3053\u306e\u3068\u304d\u6c17\u3092\u4ed8\u3051\u308b\u3053\u3068\u306f\u30af\u30a8\u30ea\u5185\u3067\u8868\u306b\u5225\u540d\u3092\u6307\u5b9a\u3057\u3066\u3044\u308b\u5834\u5408\u306f\u5225\u540d\u3092\u66f8\u304f\u5fc5\u8981\u304c\u3042\u308b\u3053\u3068\u3067\u3059\u3002\n\n```sql:\u666e\u901a\u306e\u66f8\u304d\u65b9\nexplain plan\n  set statement_id = 'normal-hint'\n  for select\n          /*+ use_hash(e d) */ -- \u6307\u5b9a\u3057\u305f\u5225\u540d\u3067\u30c6\u30fc\u30d6\u30eb\u3092\u6307\u5b9a\n          e.empid\n        , e.empname\n        , d.deptid\n        , d.deptname\n      from\n          emp e\n            inner join dept d\n              on d.deptid = e.deptid\n      where\n          e.empname = 'aaaa10'\n;\n```\n\n\u5b9f\u884c\u8a08\u753b\u304cHASH\u7d50\u5408\u306b\u5909\u308f\u308a\u307e\u3057\u305f\u3002\n\n```sql:\u5b9f\u884c\u7d50\u679c\nSQL> select * from table(dbms_xplan.display(format=>'ADVANCED', statement_id=>'normal-hint'));\n\nPLAN_TABLE_OUTPUT\n----------------------------------------------------------------------------\nPlan hash value: 1123238657\n\n---------------------------------------------------------------------------\n| Id  | Operation          | Name | Rows  | Bytes | Cost (%CPU)| Time     |\n---------------------------------------------------------------------------\n|   0 | SELECT STATEMENT   |      |     1 |    53 |   101   (1)| 00:00:02 |\n|*  1 |  HASH JOIN         |      |     1 |    53 |   101   (1)| 00:00:02 |\n|*  2 |   TABLE ACCESS FULL| EMP  |     1 |    32 |    68   (0)| 00:00:01 |\n|   3 |   TABLE ACCESS FULL| DEPT | 30000 |   615K|    32   (0)| 00:00:01 |\n---------------------------------------------------------------------------\n\nOutline Data\n-------------\n\n  /*+\n      BEGIN_OUTLINE_DATA\n      USE_HASH(@\"SEL$58A6D7F6\" \"D\"@\"SEL$1\")\n      LEADING(@\"SEL$58A6D7F6\" \"E\"@\"SEL$1\" \"D\"@\"SEL$1\")\n      FULL(@\"SEL$58A6D7F6\" \"D\"@\"SEL$1\")\n      FULL(@\"SEL$58A6D7F6\" \"E\"@\"SEL$1\")\n      OUTLINE(@\"SEL$1\")\n      OUTLINE(@\"SEL$2\")\n      MERGE(@\"SEL$1\")\n      OUTLINE_LEAF(@\"SEL$58A6D7F6\")\n      ALL_ROWS\n      DB_VERSION('11.2.0.2')\n      OPTIMIZER_FEATURES_ENABLE('11.2.0.2')\n      IGNORE_OPTIM_EMBEDDED_HINTS\n      END_OUTLINE_DATA\n  */\n```\n\n\u5225\u540d\u3067\u306f\u306a\u304f\u3001\u8868\u540d\u3092\u305d\u306e\u307e\u307e\u8a18\u8f09\u3057\u3066\u307f\u307e\u3059\u3002\n\n```sql:\u3060\u3081\u306a\u66f8\u304d\u65b9\nexplain plan\n  set statement_id = 'ng-hint'\n  for select\n          /*+ use_hash(emp dept) */ -- \u30c6\u30fc\u30d6\u30eb\u540d\u3092\u76f4\u63a5\u6307\u5b9a\uff08\u305f\u3060\u3057\u3001\u8868\u306b\u5225\u540d\u3092\u3064\u3051\u3066\u3044\u306a\u3051\u308c\u3070OK\uff09\n          e.empid\n        , e.empname\n        , d.deptid\n        , d.deptname\n      from\n          emp e\n            inner join dept d\n              on d.deptid = e.deptid\n      where\n          e.empname = 'aaaa10'\n;\n```\n\n\u5b9f\u884c\u8a08\u753b\u306bHASH\u7d50\u5408\u304c\u63a1\u7528\u3055\u308c\u305a\u3001NESTED LOOP\u7d50\u5408\u306b\u306a\u308a\u307e\u3057\u305f\u3002\n\n```sql:\u5b9f\u884c\u7d50\u679c\nSQL> select * from table(dbms_xplan.display(format=>'ADVANCED', statement_id=>'ng-hint'));\n\nPLAN_TABLE_OUTPUT\n----------------------------------------------------------------------------------------------\nPlan hash value: 1238628783\n\n--------------------------------------------------------------------------------------------\n| Id  | Operation                    | Name        | Rows  | Bytes | Cost (%CPU)| Time     |\n--------------------------------------------------------------------------------------------\n|   0 | SELECT STATEMENT             |             |     1 |    53 |    69   (0)| 00:00:01 |\n|   1 |  NESTED LOOPS                |             |       |       |            |          |\n|   2 |   NESTED LOOPS               |             |     1 |    53 |    69   (0)| 00:00:01 |\n|*  3 |    TABLE ACCESS FULL         | EMP         |     1 |    32 |    68   (0)| 00:00:01 |\n|*  4 |    INDEX UNIQUE SCAN         | SYS_C007535 |     1 |       |     0   (0)| 00:00:01 |\n|   5 |   TABLE ACCESS BY INDEX ROWID| DEPT        |     1 |    21 |     1   (0)| 00:00:01 |\n--------------------------------------------------------------------------------------------\n\nOutline Data\n-------------\n\n  /*+\n      BEGIN_OUTLINE_DATA\n      NLJ_BATCHING(@\"SEL$58A6D7F6\" \"D\"@\"SEL$1\")\n      USE_NL(@\"SEL$58A6D7F6\" \"D\"@\"SEL$1\")\n      LEADING(@\"SEL$58A6D7F6\" \"E\"@\"SEL$1\" \"D\"@\"SEL$1\")\n      INDEX(@\"SEL$58A6D7F6\" \"D\"@\"SEL$1\" (\"DEPT\".\"DEPTID\"))\n      FULL(@\"SEL$58A6D7F6\" \"E\"@\"SEL$1\")\n      OUTLINE(@\"SEL$1\")\n      OUTLINE(@\"SEL$2\")\n      MERGE(@\"SEL$1\")\n      OUTLINE_LEAF(@\"SEL$58A6D7F6\")\n      ALL_ROWS\n      DB_VERSION('11.2.0.2')\n      OPTIMIZER_FEATURES_ENABLE('11.2.0.2')\n      IGNORE_OPTIM_EMBEDDED_HINTS\n      END_OUTLINE_DATA\n  */\n```\n\n\u6700\u5f8c\u306bview\u5185\u306e\u30c6\u30fc\u30d6\u30eb\u306b\u5bfe\u3057\u3001\u30d2\u30f3\u30c8\u53e5\u3092\u6307\u5b9a\u3057\u305f\u3044\u5834\u5408\u306f\u3069\u3046\u3059\u308c\u3070\u3088\u3044\u3067\u3057\u3087\u3046\u304b\u3002view\u306eDDL\u5185\u306b\u30d2\u30f3\u30c8\u53e5\u3092\u66f8\u304f\u3053\u3068\u3082\u3067\u304d\u307e\u3059\u304c\u3001\u3053\u308c\u306f\u63a8\u5968\u3055\u308c\u3066\u3044\u307e\u305b\u3093\u3002view\u3092\u4f7f\u7528\u3059\u308b\u5074\u3067\u6700\u9069\u306a\u5b9f\u884c\u8a08\u753b\u304c\u63a1\u7528\u3055\u308c\u308b\u3053\u3068\u3092\u59a8\u3052\u308b\u304b\u3089\u306e\u3088\u3046\u3067\u3059\u3002\u305d\u3053\u3067\u3001\u30b0\u30ed\u30fc\u30d0\u30eb\u30d2\u30f3\u30c8\u3092\u4f7f\u7528\u3057\u307e\u3059\u3002\n\u30b0\u30ed\u30fc\u30d0\u30eb\u30d2\u30f3\u30c8\u306f(@queryblock \u88681, \u88682,...)\u306e\u5f62\u5f0f\u3067\u66f8\u304d\u307e\u3059\u3002\n\n```sql:\u30b0\u30ed\u30fc\u30d0\u30eb\u30d2\u30f3\u30c8\ncreate or replace view v as\n  select\n      e.empid\n    , e.empname\n    , d.deptid\n    , d.deptname\n  from\n      emp e\n        inner join dept d\n          on d.deptid = e.deptid\n;\nexplain plan\n  set statement_id = 'grobal-hint'\n  for select\n          /*+ use_hash(@sel$2 e d) */ -- grobal hint\n          empid\n        , empname\n        , deptid\n        , deptname\n      from\n          v\n      where\n          empname = 'aaaa10'\n;\n```\n\nview\u5185\u306e\u30c6\u30fc\u30d6\u30eb\u306b\u5bfe\u3057\u3066\u3082\u30d2\u30f3\u30c8\u53e5\u3092\u6307\u5b9a\u3057\u3066HASH\u7d50\u5408\u304c\u63a1\u7528\u3055\u308c\u307e\u3057\u305f\u3002\n\n```sql:\u5b9f\u884c\u7d50\u679c\nSQL> select * from table(dbms_xplan.display(format=>'ADVANCED', statement_id=>'grobal-hint'));\n\nPLAN_TABLE_OUTPUT\n-------------------------------------------------------------------------------------------------------\nPlan hash value: 1123238657\n\n---------------------------------------------------------------------------\n| Id  | Operation          | Name | Rows  | Bytes | Cost (%CPU)| Time     |\n---------------------------------------------------------------------------\n|   0 | SELECT STATEMENT   |      |     1 |    53 |   101   (1)| 00:00:02 |\n|*  1 |  HASH JOIN         |      |     1 |    53 |   101   (1)| 00:00:02 |\n|*  2 |   TABLE ACCESS FULL| EMP  |     1 |    32 |    68   (0)| 00:00:01 |\n|   3 |   TABLE ACCESS FULL| DEPT | 30000 |   615K|    32   (0)| 00:00:01 |\n---------------------------------------------------------------------------\n\nOutline Data\n-------------\n\n  /*+\n      BEGIN_OUTLINE_DATA\n      USE_HASH(@\"SEL$73112EEC\" \"D\"@\"SEL$2\")\n      LEADING(@\"SEL$73112EEC\" \"E\"@\"SEL$2\" \"D\"@\"SEL$2\")\n      FULL(@\"SEL$73112EEC\" \"D\"@\"SEL$2\")\n      FULL(@\"SEL$73112EEC\" \"E\"@\"SEL$2\")\n      OUTLINE(@\"SEL$2\")\n      OUTLINE(@\"SEL$3\")\n      MERGE(@\"SEL$2\")\n      OUTLINE(@\"SEL$64EAE176\")\n      OUTLINE(@\"SEL$1\")\n      MERGE(@\"SEL$64EAE176\")\n      OUTLINE_LEAF(@\"SEL$73112EEC\")\n      ALL_ROWS\n      DB_VERSION('11.2.0.2')\n      OPTIMIZER_FEATURES_ENABLE('11.2.0.2')\n      IGNORE_OPTIM_EMBEDDED_HINTS\n      END_OUTLINE_DATA\n  */\n```\n\n\u6025\u304e\u8db3\u3067\u66f8\u3044\u305f\u306e\u3067\u3001\u8fd1\u3044\u3046\u3061\u306b\u898b\u76f4\u3057\u307e\u3059\u3002\n", "tags": ["oracle"]}