{"context": "\n\nView\u306e\u30de\u30fc\u30b8\u3068\u306f\n\u3042\u308bView\u3068\u4ed6\u306e\u30c6\u30fc\u30d6\u30eb\u3068\u7d50\u5408\u3059\u308b\u3088\u3046\u306aSQL\u3092\u5b9f\u884c\u3059\u308b\u5834\u5408\u3001View\u81ea\u4f53\u306eSQL\u304c\u5b9f\u884c\u3055\u308c\u3066\u304b\u3089\u4ed6\u306e\u30c6\u30fc\u30d6\u30eb\u3068\u7d50\u5408\u3059\u308b\u306e\u3067\u306f\u306a\u304f\u3001\u30aa\u30d7\u30c6\u30a3\u30de\u30a4\u30b6\u306b\u3088\u3063\u3066\u52b9\u7387\u304c\u3088\u3044\u3068\u5224\u65ad\u3055\u308c\u305f\u5834\u5408\u306b\u306f\u3001View\u306eSQL\u304c\u3070\u3089\u3055\u308c\u3066\u3001\u4ed6\u306e\u30c6\u30fc\u30d6\u30eb\u3068\u306e\u7d50\u5408\u304c\u5148\u306b\u5b9f\u884c\u3055\u308c\u308b\u5834\u5408\u304c\u3042\u308a\u307e\u3059\u3002\u3053\u308c\u3092View\u306e\u30de\u30fc\u30b8\u3068\u547c\u3076\u305d\u3046\u3067\u3059\u3002\u4f3c\u305f\u3088\u3046\u306a\u3082\u306e\u306b\u3001\u8ff0\u90e8\u306e\u30d7\u30c3\u30b7\u30e5\u304c\u3042\u308a\u307e\u3059\u304c\u3001\u3053\u308c\u306b\u3064\u3044\u3066\u306f\u5225\u306e\u8a18\u4e8b\u306b\u66f8\u3053\u3046\u3068\u601d\u3044\u307e\u3059\u3002\n\u3053\u306eOracle\u793e\u306e\u30da\u30fc\u30b8\u306b\u975e\u5e38\u306b\u6709\u76ca\u306a\u60c5\u5831\u304c\u66f8\u304b\u308c\u3066\u3044\u308b\u306e\u3067\u3059\u304c\u3001\u3061\u3087\u3063\u3068\u308f\u304b\u308a\u3065\u3089\u3044\u306e\u3067\u3001\u81ea\u5206\u306e\u7406\u89e3\u3092\u6df1\u3081\u308b\u610f\u5473\u3082\u542b\u3081\u3066\u3001\u81ea\u5206\u306e\u8a00\u8449\u3067\u89e3\u8aac\u3057\u3066\u307f\u307e\u3059\u3002\n\n\u4f8b\n\nSQL\nselect * from a_view v, a_table t\nwhere v.val = t.val\n\n\n\na_view\ncreate or replace view a_view as\nselect to_number(v.val) val from value_table v, type_table t\nwhere v.id = t.id and t.type = 'NUMBER'\n\n\n\nvalue_table\ncreate table value_table (\n  id number primary key,\n  val varchar2(256)\n)\n\n\n\ntype_table\ncreate table type_table (\n  id number primary key,\n  type varchar2(10)\n)\n\n\n\n\u30c7\u30fc\u30bf\n        ID VAL                ID TYPE\n---------- ---------- ---------- ----------\n     10000 ABC             10000 TEXT\n     10001 100             10001 NUMBER\n     ...                   ...\n\n\nvalue_table\u306eval\u5217\u306b\u306f\u3001\u6570\u5024\u3082\u3057\u304f\u306f\u6587\u5b57\u5217\u306e\u30c7\u30fc\u30bf\u306e\u4e21\u65b9\u304c\u5165\u308b\u305f\u3081\u3001\u30c7\u30fc\u30bf\u306e\u7a2e\u5225\u3092type_table\u306etype\u5217\u3067\u7ba1\u7406\u3057\u3066\u3044\u307e\u3059\u3002a_view\u3067\u306f\u6570\u5024\u306e\u30c7\u30fc\u30bf\u306e\u307f\u3092\u629c\u304d\u3060\u3057\u3066\u3044\u307e\u3059\u3002\u305d\u306e\u5024\u3068a_table\u306eval\u5217\uff08\u3053\u3061\u3089\u306f\u6700\u521d\u304b\u3089\u6570\u5024\u306e\u307f\uff09\u3067\u7d50\u5408\u3057\u3088\u3046\u3068\u3057\u3066\u3044\u307e\u3059\u3002\n\u666e\u901a\u306b\u8003\u3048\u308b\u3068\u3001v.val\u306b\u306f\u6570\u5024\u3057\u304b\u306a\u3044\u306f\u305a\u306a\u306e\u3067\u3001\u554f\u984c\u306a\u304f\u7d50\u5408\u304c\u5b9f\u884c\u3067\u304d\u308b\u3068\u601d\u3046\u3067\u3057\u3087\u3046\u3002\u3057\u304b\u3057\u5b9f\u969b\u306b\u306f\u3046\u307e\u304f\u3044\u304b\u306a\u3044\u5834\u5408\u304c\u3042\u308b\u306e\u3067\u3059\u3002\n\n\u3046\u307e\u304f\u3044\u304f\u30b1\u30fc\u30b9\n\n\u5b9f\u884c\u8a08\u753b\n---------------------------------------------------------------------------------------------\n| Id  | Operation                     | Name        | Rows  | Bytes | Cost (%CPU)| Time     |\n---------------------------------------------------------------------------------------------\n|   0 | SELECT STATEMENT              |             |    67 |  1608 |    10  (20)| 00:00:01 |\n|*  1 |  HASH JOIN                    |             |    67 |  1608 |    10  (20)| 00:00:01 |\n|   2 |   MERGE JOIN                  |             |   101 |  2020 |     6  (17)| 00:00:01 |\n|   3 |    TABLE ACCESS BY INDEX ROWID| VALUE_TABLE |   201 |  1809 |     2   (0)| 00:00:01 |\n|   4 |     INDEX FULL SCAN           | SYS_C009896 |   201 |       |     1   (0)| 00:00:01 |\n|*  5 |    SORT JOIN                  |             |   101 |  1111 |     4  (25)| 00:00:01 |\n|*  6 |     TABLE ACCESS FULL         | TYPE_TABLE  |   101 |  1111 |     3   (0)| 00:00:01 |\n|   7 |   TABLE ACCESS FULL           | A_TABLE     |     2 |     8 |     3   (0)| 00:00:01 |\n---------------------------------------------------------------------------------------------\n\nPredicate Information (identified by operation id):\n---------------------------------------------------\n\n   1 - access(\"T\".\"VAL\"=TO_NUMBER(\"V\".\"VAL\"))\n   5 - access(\"V\".\"ID\"=\"T\".\"ID\")\n       filter(\"V\".\"ID\"=\"T\".\"ID\")\n   6 - filter(\"T\".\"TYPE\"='NUMBER')\n\n\n\n\u3053\u306e\u5b9f\u884c\u8a08\u753b\u3067\u306f\u3001value_table\u3068\u3001type\u5217\u304c'NUMBER'\u3067\u3042\u308b\u884c\u306e\u307f\u3092\u629c\u304d\u51fa\u3057\u305ftype_table\u3092\u7d50\u5408\u3057\u305f\u4e0a\u3067\u3001a_table\u3068\u7d50\u5408\u3059\u308b\u969b\u306bval\u5217\u306b\u5bfe\u3057\u3066to_number\u3092\u5b9f\u884c\u3057\u3066\u3044\u307e\u3059\u3002View\u306eSQL\u306e\u4e2d\u306b\u3042\u3063\u305fto_number\u304c\u5916\u5074\u306b\u51fa\u3066\u304d\u3066\u3044\u307e\u3059\u3002\n\u3053\u306e\u3088\u3046\u306bView\u306eSQL\u304c\u305d\u306e\u307e\u307e\u5b9f\u884c\u3055\u308c\u308b\u306e\u3067\u306f\u306a\u304f\u3001\u3070\u3089\u3055\u308c\u3066\u6700\u9069\u306a\u5f62\u3067\u5b9f\u884c\u3055\u308c\u308b\u306e\u3067\u3059\u3002\u3053\u306e\u30b1\u30fc\u30b9\u3067\u306f\u3001\u30c6\u30fc\u30d6\u30eb\u306e\u7d50\u5408\u9806\u5e8f\u307e\u3067\u306f\u5909\u308f\u3063\u3066\u3044\u306a\u3044\u306e\u3067\u3001\u554f\u984c\u306a\u304f\u5b9f\u884c\u3055\u308c\u307e\u3059\u3002\n\n\u30a8\u30e9\u30fc\u306b\u306a\u308b\u30b1\u30fc\u30b9\n\n\u5b9f\u884c\u8a08\u753b\n-------------------------------------------------------------------------------------------\n| Id  | Operation           | Name        | Rows  | Bytes |TempSpc| Cost (%CPU)| Time     |\n-------------------------------------------------------------------------------------------\n|   0 | SELECT STATEMENT    |             |   593K|    14M|       |  2797   (1)| 00:00:34 |\n|*  1 |  HASH JOIN          |             |   593K|    14M|    14M|  2797   (1)| 00:00:34 |\n|*  2 |   HASH JOIN         |             |   593K|  7532K|       |   489   (2)| 00:00:06 |\n|   3 |    TABLE ACCESS FULL| A_TABLE     |     2 |     8 |       |     3   (0)| 00:00:01 |\n|   4 |    TABLE ACCESS FULL| VALUE_TABLE |   890K|  7822K|       |   482   (2)| 00:00:06 |\n|*  5 |   TABLE ACCESS FULL | TYPE_TABLE  |   889K|    10M|       |   587   (2)| 00:00:08 |\n-------------------------------------------------------------------------------------------\n\nPredicate Information (identified by operation id):\n---------------------------------------------------\n\n   1 - access(\"V\".\"ID\"=\"T\".\"ID\")\n   2 - access(\"T\".\"VAL\"=TO_NUMBER(TO_CHAR(TO_NUMBER(\"V\".\"VAL\"))))\n   5 - filter(\"T\".\"TYPE\"='NUMBER')\n\n\n\n\u3082\u3057value_table\u306e\u884c\u6570\u304c\u3068\u3066\u3082\u591a\u304f\u3001a_table\u306e\u884c\u6570\u304c\u3068\u3066\u3082\u5c11\u306a\u3044\u5834\u5408\u306f\u3001\u5148\u306ba_table\u3068\u7d50\u5408\u3057\u3066\u3057\u307e\u3063\u305f\u65b9\u304c\u52b9\u7387\u304c\u3044\u3044\u3068\u3044\u3046\u3053\u3068\u306b\u306a\u308a\u307e\u3059\u3002Oracle\u306e\u30aa\u30d7\u30c6\u30a3\u30de\u30a4\u30b6\u306f\u8ce2\u3044\u306e\u3067\u5b9f\u969b\u306b\u305d\u306e\u3088\u3046\u306a\u52d5\u304d\u3092\u3057\u307e\u3059\u3002\nView\u306e\u30de\u30fc\u30b8\u306b\u3088\u3063\u3066\u3001\u901a\u5e38\u306fSQL\u306e\u30d1\u30d5\u30a9\u30fc\u30de\u30f3\u30b9\u304c\u4e0a\u304c\u3063\u3066\u3081\u3067\u305f\u3057\u3081\u3067\u305f\u3057\u306a\u306e\u3067\u3059\u304c\u3001\u3053\u306e\u30b1\u30fc\u30b9\u306e\u5834\u5408\u306f\u3001value_table\u306e\u6570\u5024\u306e\u30c7\u30fc\u30bf\u3092\u629c\u304d\u51fa\u3059\u524d\u306b\u3001to_number\u3092val\u5217\u306b\u5bfe\u3057\u3066\u5b9f\u884c\u3059\u308b\u3053\u3068\u306b\u306a\u308a\u3001\u6587\u5b57\u5217\u306e\u30c7\u30fc\u30bf\u306e\u884c\u3092\u51e6\u7406\u3059\u308b\u969b\u306b\u30a8\u30e9\u30fc\u306b\u306a\u3063\u3066\u3057\u307e\u3044\u307e\u3059\u3002\n\n\u30d2\u30f3\u30c8\u306e\u4f7f\u7528\u306b\u3088\u308b\u89e3\u6c7a\n\u3067\u306f\u3001\u30a8\u30e9\u30fc\u306b\u306a\u3089\u306a\u3044\u3088\u3046\u306b\u3059\u308b\u305f\u3081\u306b\u306f\u3069\u3046\u3057\u305f\u3089\u3044\u3044\u306e\u3067\u3057\u3087\u3046\u304b\uff1f\u5e78\u3044\u306b\u3082View\u306e\u30de\u30fc\u30b8\u3092\u3057\u306a\u3044\u3088\u3046\u306b\u30aa\u30d7\u30c6\u30a3\u30de\u30a4\u30b6\u306b\u6307\u793a\u3067\u304d\u308b\u30d2\u30f3\u30c8\u53e5\u304c\u3042\u308a\u307e\u3059\u3002\n\nSQL\nselect /*+ NO_MERGE(v) */ * from a_view v, a_table t\nwhere v.val = t.val\n\n\nv(a_view)\u306e\u30de\u30fc\u30b8\u306f\u3057\u306a\u3044\u3067\u306d\u3001\u3068\u3044\u3046\u3053\u3068\u3067\u3059\u3002\u3053\u308c\u3067\u5148\u306bView\u306eSQL\u304c\u78ba\u5b9f\u306b\u5b9f\u884c\u3055\u308c\u308b\u3088\u3046\u306b\u306a\u308a\u3001\u30a8\u30e9\u30fc\u306f\u767a\u751f\u3057\u306a\u304f\u306a\u308a\u307e\u3059\u3002\n\n\u5b9f\u884c\u8a08\u753b\n--------------------------------------------------------------------------------------------\n| Id  | Operation            | Name        | Rows  | Bytes |TempSpc| Cost (%CPU)| Time     |\n--------------------------------------------------------------------------------------------\n|   0 | SELECT STATEMENT     |             |     1 |    17 |       |  2981   (1)| 00:00:36 |\n|*  1 |  HASH JOIN           |             |     1 |    17 |       |  2981   (1)| 00:00:36 |\n|   2 |   TABLE ACCESS FULL  | A_TABLE     |     2 |     8 |       |     3   (0)| 00:00:01 |\n|   3 |   VIEW               | A_VIEW      |   889K|    11M|       |  2975   (1)| 00:00:36 |\n|*  4 |    HASH JOIN         |             |   889K|    17M|    17M|  2975   (1)| 00:00:36 |\n|   5 |     TABLE ACCESS FULL| VALUE_TABLE |   890K|  7822K|       |   482   (2)| 00:00:06 |\n|*  6 |     TABLE ACCESS FULL| TYPE_TABLE  |   889K|    10M|       |   587   (2)| 00:00:08 |\n--------------------------------------------------------------------------------------------\n\nPredicate Information (identified by operation id):\n---------------------------------------------------\n\n   1 - access(\"V\".\"VAL\"=\"T\".\"VAL\")\n   4 - access(\"V\".\"ID\"=\"T\".\"ID\")\n   6 - filter(\"T\".\"TYPE\"='NUMBER')\n\n\n\nView\u3092\u4f5c\u3063\u3066\u304b\u3089\u3001a_table\u3068\u7d50\u5408\u3057\u3066\u3044\u307e\u3059\u3002\u666e\u901a\u306b\u8003\u3048\u308b\u3068\u5fc5\u305a\u3053\u306e\u3088\u3046\u306b\u5b9f\u884c\u3055\u308c\u308b\u3068\u601d\u3063\u3066\u3057\u307e\u3059\u306e\u3067\u3059\u304c\u3001\u9055\u3046\u3093\u3067\u3059\u306d\u3002View\u3092\u7d50\u5408\u3059\u308bSQL\u3092\u66f8\u304f\u969b\u306b\u306f\u3061\u3087\u3063\u3068\u6ce8\u610f\u304c\u5fc5\u8981\u3067\u3059\u3002\n# View\u306e\u30de\u30fc\u30b8\u3068\u306f\n\u3042\u308bView\u3068\u4ed6\u306e\u30c6\u30fc\u30d6\u30eb\u3068\u7d50\u5408\u3059\u308b\u3088\u3046\u306aSQL\u3092\u5b9f\u884c\u3059\u308b\u5834\u5408\u3001View\u81ea\u4f53\u306eSQL\u304c\u5b9f\u884c\u3055\u308c\u3066\u304b\u3089\u4ed6\u306e\u30c6\u30fc\u30d6\u30eb\u3068\u7d50\u5408\u3059\u308b\u306e\u3067\u306f\u306a\u304f\u3001\u30aa\u30d7\u30c6\u30a3\u30de\u30a4\u30b6\u306b\u3088\u3063\u3066\u52b9\u7387\u304c\u3088\u3044\u3068\u5224\u65ad\u3055\u308c\u305f\u5834\u5408\u306b\u306f\u3001View\u306eSQL\u304c\u3070\u3089\u3055\u308c\u3066\u3001\u4ed6\u306e\u30c6\u30fc\u30d6\u30eb\u3068\u306e\u7d50\u5408\u304c\u5148\u306b\u5b9f\u884c\u3055\u308c\u308b\u5834\u5408\u304c\u3042\u308a\u307e\u3059\u3002\u3053\u308c\u3092View\u306e\u30de\u30fc\u30b8\u3068\u547c\u3076\u305d\u3046\u3067\u3059\u3002\u4f3c\u305f\u3088\u3046\u306a\u3082\u306e\u306b\u3001\u8ff0\u90e8\u306e\u30d7\u30c3\u30b7\u30e5\u304c\u3042\u308a\u307e\u3059\u304c\u3001\u3053\u308c\u306b\u3064\u3044\u3066\u306f\u5225\u306e\u8a18\u4e8b\u306b\u66f8\u3053\u3046\u3068\u601d\u3044\u307e\u3059\u3002\n\n\u3053\u306e[Oracle\u793e\u306e\u30da\u30fc\u30b8](http://www.oracle.com/technetwork/jp/database/articles/tsushima/tsushima-29-1982534-ja.html)\u306b\u975e\u5e38\u306b\u6709\u76ca\u306a\u60c5\u5831\u304c\u66f8\u304b\u308c\u3066\u3044\u308b\u306e\u3067\u3059\u304c\u3001\u3061\u3087\u3063\u3068\u308f\u304b\u308a\u3065\u3089\u3044\u306e\u3067\u3001\u81ea\u5206\u306e\u7406\u89e3\u3092\u6df1\u3081\u308b\u610f\u5473\u3082\u542b\u3081\u3066\u3001\u81ea\u5206\u306e\u8a00\u8449\u3067\u89e3\u8aac\u3057\u3066\u307f\u307e\u3059\u3002\n\n# \u4f8b\n\n```sql:SQL\nselect * from a_view v, a_table t\nwhere v.val = t.val\n```\n```sql:a_view\ncreate or replace view a_view as\nselect to_number(v.val) val from value_table v, type_table t\nwhere v.id = t.id and t.type = 'NUMBER'\n```\n```sql:value_table\ncreate table value_table (\n  id number primary key,\n  val varchar2(256)\n)\n```\n```sql:type_table\ncreate table type_table (\n  id number primary key,\n  type varchar2(10)\n)\n```\n```sql:\u30c7\u30fc\u30bf\n        ID VAL                ID TYPE\n---------- ---------- ---------- ----------\n     10000 ABC             10000 TEXT\n     10001 100             10001 NUMBER\n     ...                   ...\n```\nvalue_table\u306eval\u5217\u306b\u306f\u3001\u6570\u5024\u3082\u3057\u304f\u306f\u6587\u5b57\u5217\u306e\u30c7\u30fc\u30bf\u306e\u4e21\u65b9\u304c\u5165\u308b\u305f\u3081\u3001\u30c7\u30fc\u30bf\u306e\u7a2e\u5225\u3092type_table\u306etype\u5217\u3067\u7ba1\u7406\u3057\u3066\u3044\u307e\u3059\u3002a_view\u3067\u306f\u6570\u5024\u306e\u30c7\u30fc\u30bf\u306e\u307f\u3092\u629c\u304d\u3060\u3057\u3066\u3044\u307e\u3059\u3002\u305d\u306e\u5024\u3068a_table\u306eval\u5217\uff08\u3053\u3061\u3089\u306f\u6700\u521d\u304b\u3089\u6570\u5024\u306e\u307f\uff09\u3067\u7d50\u5408\u3057\u3088\u3046\u3068\u3057\u3066\u3044\u307e\u3059\u3002\n\n\u666e\u901a\u306b\u8003\u3048\u308b\u3068\u3001v.val\u306b\u306f\u6570\u5024\u3057\u304b\u306a\u3044\u306f\u305a\u306a\u306e\u3067\u3001\u554f\u984c\u306a\u304f\u7d50\u5408\u304c\u5b9f\u884c\u3067\u304d\u308b\u3068\u601d\u3046\u3067\u3057\u3087\u3046\u3002\u3057\u304b\u3057\u5b9f\u969b\u306b\u306f\u3046\u307e\u304f\u3044\u304b\u306a\u3044\u5834\u5408\u304c\u3042\u308b\u306e\u3067\u3059\u3002\n\n## \u3046\u307e\u304f\u3044\u304f\u30b1\u30fc\u30b9\n```sql:\u5b9f\u884c\u8a08\u753b\n---------------------------------------------------------------------------------------------\n| Id  | Operation                     | Name        | Rows  | Bytes | Cost (%CPU)| Time     |\n---------------------------------------------------------------------------------------------\n|   0 | SELECT STATEMENT              |             |    67 |  1608 |    10  (20)| 00:00:01 |\n|*  1 |  HASH JOIN                    |             |    67 |  1608 |    10  (20)| 00:00:01 |\n|   2 |   MERGE JOIN                  |             |   101 |  2020 |     6  (17)| 00:00:01 |\n|   3 |    TABLE ACCESS BY INDEX ROWID| VALUE_TABLE |   201 |  1809 |     2   (0)| 00:00:01 |\n|   4 |     INDEX FULL SCAN           | SYS_C009896 |   201 |       |     1   (0)| 00:00:01 |\n|*  5 |    SORT JOIN                  |             |   101 |  1111 |     4  (25)| 00:00:01 |\n|*  6 |     TABLE ACCESS FULL         | TYPE_TABLE  |   101 |  1111 |     3   (0)| 00:00:01 |\n|   7 |   TABLE ACCESS FULL           | A_TABLE     |     2 |     8 |     3   (0)| 00:00:01 |\n---------------------------------------------------------------------------------------------\n\nPredicate Information (identified by operation id):\n---------------------------------------------------\n\n   1 - access(\"T\".\"VAL\"=TO_NUMBER(\"V\".\"VAL\"))\n   5 - access(\"V\".\"ID\"=\"T\".\"ID\")\n       filter(\"V\".\"ID\"=\"T\".\"ID\")\n   6 - filter(\"T\".\"TYPE\"='NUMBER')\n\n```\n\u3053\u306e\u5b9f\u884c\u8a08\u753b\u3067\u306f\u3001value_table\u3068\u3001type\u5217\u304c'NUMBER'\u3067\u3042\u308b\u884c\u306e\u307f\u3092\u629c\u304d\u51fa\u3057\u305ftype_table\u3092\u7d50\u5408\u3057\u305f\u4e0a\u3067\u3001a_table\u3068\u7d50\u5408\u3059\u308b\u969b\u306bval\u5217\u306b\u5bfe\u3057\u3066to_number\u3092\u5b9f\u884c\u3057\u3066\u3044\u307e\u3059\u3002View\u306eSQL\u306e\u4e2d\u306b\u3042\u3063\u305fto_number\u304c\u5916\u5074\u306b\u51fa\u3066\u304d\u3066\u3044\u307e\u3059\u3002\n\n\u3053\u306e\u3088\u3046\u306bView\u306eSQL\u304c\u305d\u306e\u307e\u307e\u5b9f\u884c\u3055\u308c\u308b\u306e\u3067\u306f\u306a\u304f\u3001\u3070\u3089\u3055\u308c\u3066\u6700\u9069\u306a\u5f62\u3067\u5b9f\u884c\u3055\u308c\u308b\u306e\u3067\u3059\u3002\u3053\u306e\u30b1\u30fc\u30b9\u3067\u306f\u3001\u30c6\u30fc\u30d6\u30eb\u306e\u7d50\u5408\u9806\u5e8f\u307e\u3067\u306f\u5909\u308f\u3063\u3066\u3044\u306a\u3044\u306e\u3067\u3001\u554f\u984c\u306a\u304f\u5b9f\u884c\u3055\u308c\u307e\u3059\u3002\n\n## \u30a8\u30e9\u30fc\u306b\u306a\u308b\u30b1\u30fc\u30b9\n```sql:\u5b9f\u884c\u8a08\u753b\n-------------------------------------------------------------------------------------------\n| Id  | Operation           | Name        | Rows  | Bytes |TempSpc| Cost (%CPU)| Time     |\n-------------------------------------------------------------------------------------------\n|   0 | SELECT STATEMENT    |             |   593K|    14M|       |  2797   (1)| 00:00:34 |\n|*  1 |  HASH JOIN          |             |   593K|    14M|    14M|  2797   (1)| 00:00:34 |\n|*  2 |   HASH JOIN         |             |   593K|  7532K|       |   489   (2)| 00:00:06 |\n|   3 |    TABLE ACCESS FULL| A_TABLE     |     2 |     8 |       |     3   (0)| 00:00:01 |\n|   4 |    TABLE ACCESS FULL| VALUE_TABLE |   890K|  7822K|       |   482   (2)| 00:00:06 |\n|*  5 |   TABLE ACCESS FULL | TYPE_TABLE  |   889K|    10M|       |   587   (2)| 00:00:08 |\n-------------------------------------------------------------------------------------------\n\nPredicate Information (identified by operation id):\n---------------------------------------------------\n\n   1 - access(\"V\".\"ID\"=\"T\".\"ID\")\n   2 - access(\"T\".\"VAL\"=TO_NUMBER(TO_CHAR(TO_NUMBER(\"V\".\"VAL\"))))\n   5 - filter(\"T\".\"TYPE\"='NUMBER')\n\n```\n\u3082\u3057value_table\u306e\u884c\u6570\u304c\u3068\u3066\u3082\u591a\u304f\u3001a_table\u306e\u884c\u6570\u304c\u3068\u3066\u3082\u5c11\u306a\u3044\u5834\u5408\u306f\u3001\u5148\u306ba_table\u3068\u7d50\u5408\u3057\u3066\u3057\u307e\u3063\u305f\u65b9\u304c\u52b9\u7387\u304c\u3044\u3044\u3068\u3044\u3046\u3053\u3068\u306b\u306a\u308a\u307e\u3059\u3002Oracle\u306e\u30aa\u30d7\u30c6\u30a3\u30de\u30a4\u30b6\u306f\u8ce2\u3044\u306e\u3067\u5b9f\u969b\u306b\u305d\u306e\u3088\u3046\u306a\u52d5\u304d\u3092\u3057\u307e\u3059\u3002\n\nView\u306e\u30de\u30fc\u30b8\u306b\u3088\u3063\u3066\u3001\u901a\u5e38\u306fSQL\u306e\u30d1\u30d5\u30a9\u30fc\u30de\u30f3\u30b9\u304c\u4e0a\u304c\u3063\u3066\u3081\u3067\u305f\u3057\u3081\u3067\u305f\u3057\u306a\u306e\u3067\u3059\u304c\u3001\u3053\u306e\u30b1\u30fc\u30b9\u306e\u5834\u5408\u306f\u3001value_table\u306e\u6570\u5024\u306e\u30c7\u30fc\u30bf\u3092\u629c\u304d\u51fa\u3059\u524d\u306b\u3001to_number\u3092val\u5217\u306b\u5bfe\u3057\u3066\u5b9f\u884c\u3059\u308b\u3053\u3068\u306b\u306a\u308a\u3001\u6587\u5b57\u5217\u306e\u30c7\u30fc\u30bf\u306e\u884c\u3092\u51e6\u7406\u3059\u308b\u969b\u306b\u30a8\u30e9\u30fc\u306b\u306a\u3063\u3066\u3057\u307e\u3044\u307e\u3059\u3002\n\n# \u30d2\u30f3\u30c8\u306e\u4f7f\u7528\u306b\u3088\u308b\u89e3\u6c7a\n\u3067\u306f\u3001\u30a8\u30e9\u30fc\u306b\u306a\u3089\u306a\u3044\u3088\u3046\u306b\u3059\u308b\u305f\u3081\u306b\u306f\u3069\u3046\u3057\u305f\u3089\u3044\u3044\u306e\u3067\u3057\u3087\u3046\u304b\uff1f\u5e78\u3044\u306b\u3082View\u306e\u30de\u30fc\u30b8\u3092\u3057\u306a\u3044\u3088\u3046\u306b\u30aa\u30d7\u30c6\u30a3\u30de\u30a4\u30b6\u306b\u6307\u793a\u3067\u304d\u308b\u30d2\u30f3\u30c8\u53e5\u304c\u3042\u308a\u307e\u3059\u3002\n\n```sql:SQL\nselect /*+ NO_MERGE(v) */ * from a_view v, a_table t\nwhere v.val = t.val\n```\nv(a_view)\u306e\u30de\u30fc\u30b8\u306f\u3057\u306a\u3044\u3067\u306d\u3001\u3068\u3044\u3046\u3053\u3068\u3067\u3059\u3002\u3053\u308c\u3067\u5148\u306bView\u306eSQL\u304c\u78ba\u5b9f\u306b\u5b9f\u884c\u3055\u308c\u308b\u3088\u3046\u306b\u306a\u308a\u3001\u30a8\u30e9\u30fc\u306f\u767a\u751f\u3057\u306a\u304f\u306a\u308a\u307e\u3059\u3002\n\n```sql:\u5b9f\u884c\u8a08\u753b\n--------------------------------------------------------------------------------------------\n| Id  | Operation            | Name        | Rows  | Bytes |TempSpc| Cost (%CPU)| Time     |\n--------------------------------------------------------------------------------------------\n|   0 | SELECT STATEMENT     |             |     1 |    17 |       |  2981   (1)| 00:00:36 |\n|*  1 |  HASH JOIN           |             |     1 |    17 |       |  2981   (1)| 00:00:36 |\n|   2 |   TABLE ACCESS FULL  | A_TABLE     |     2 |     8 |       |     3   (0)| 00:00:01 |\n|   3 |   VIEW               | A_VIEW      |   889K|    11M|       |  2975   (1)| 00:00:36 |\n|*  4 |    HASH JOIN         |             |   889K|    17M|    17M|  2975   (1)| 00:00:36 |\n|   5 |     TABLE ACCESS FULL| VALUE_TABLE |   890K|  7822K|       |   482   (2)| 00:00:06 |\n|*  6 |     TABLE ACCESS FULL| TYPE_TABLE  |   889K|    10M|       |   587   (2)| 00:00:08 |\n--------------------------------------------------------------------------------------------\n\nPredicate Information (identified by operation id):\n---------------------------------------------------\n\n   1 - access(\"V\".\"VAL\"=\"T\".\"VAL\")\n   4 - access(\"V\".\"ID\"=\"T\".\"ID\")\n   6 - filter(\"T\".\"TYPE\"='NUMBER')\n\n```\nView\u3092\u4f5c\u3063\u3066\u304b\u3089\u3001a_table\u3068\u7d50\u5408\u3057\u3066\u3044\u307e\u3059\u3002\u666e\u901a\u306b\u8003\u3048\u308b\u3068\u5fc5\u305a\u3053\u306e\u3088\u3046\u306b\u5b9f\u884c\u3055\u308c\u308b\u3068\u601d\u3063\u3066\u3057\u307e\u3059\u306e\u3067\u3059\u304c\u3001\u9055\u3046\u3093\u3067\u3059\u306d\u3002View\u3092\u7d50\u5408\u3059\u308bSQL\u3092\u66f8\u304f\u969b\u306b\u306f\u3061\u3087\u3063\u3068\u6ce8\u610f\u304c\u5fc5\u8981\u3067\u3059\u3002\n", "tags": ["oracle"]}