{"context": "\n\n\u306f\u3058\u3081\u306b\nHive 0.13/Presto0.144 on TreasureData\u3067\u306e\u30e1\u30e2\u3002\nOrder by\u3067\u4e0b\u8a18\u306e\u30b1\u30fc\u30b9\u3067Hive\u3067\u306f\u30a8\u30e9\u30fc\u306b\u306a\u308a\u3001Presto\u3067\u306f\u6210\u529f\u3057\u305f\u306e\u3067\u3001\u5b9f\u884c\u8a08\u753b\u3092\u773a\u3081\u3066\u307f\u305f\u3002\n\u3042\u304f\u307e\u3067\u773a\u3081\u305f\u3060\u3051\u306a\u306e\u3067\u3001\u306a\u305c\u5b9f\u884c\u8a08\u753b\u304c\u305d\u306e\u3088\u3046\u306b\u306a\u308b\u304b\u306b\u3064\u3044\u3066\u306f\u89e6\u308c\u306a\u3044\u3067\u3059\u3002\n(TD_TIME_FORMAT\u306funixtime(bigint/long/int)\u3092\u6307\u5b9a\u306e\u30d5\u30a9\u30fc\u30de\u30c3\u30c8\u306e\u6587\u5b57\u5217\u306b\u5909\u63db\u3059\u308bUDF)\n\u539f\u56e0\u3068\u3057\u3066\u306f\u3001Hive\u306eOrder by\u3067\u306eTD_TIME_FORMAT\u306e\u8a55\u4fa1\u304cSELECT\u5185\u3067time\u3092\u5909\u63db\u3057\u305f\u5f8c\u306b\u884c\u308f\u308c\u308b\u305f\u3081\u306b\u3001\u6587\u5b57\u5217\u306b\u5bfe\u3057\u3066TD_TIME_FORMAT\u3092\u304b\u3051\u308b\u305f\u3081\u306b\u30a8\u30e9\u30fc\u306b\u306a\u3063\u3066\u3057\u307e\u3046\u3002\nORDER BY\u306e\u8a55\u4fa1\u9806\u3068\u3057\u3066\u306f\u3053\u308c\u304c\u6b63\u3057\u305d\u3046\u3067\u3001Presto\u306f\u306a\u305c\u304b\u6210\u529f\u3059\u308b\u3002\nSELECT \n  TD_TIME_FORMAT(time,\n    'yyyy\u2010MM\u2010dd',\n    'JST') AS time,\n  COUNT(*) AS cnt\nFROM\n  adjust\nWHERE\n  network = 'Organic'\n  AND TD_TIME_RANGE(time,\n    TD_TIME_ADD(TD_SCHEDULED_TIME(),\n      '-1d',\n      'JST'))\nGROUP BY\n  TD_TIME_FORMAT(time,\n    'yyyy\u2010MM\u2010dd',\n    'JST')\nORDER BY TD_TIME_FORMAT(time,\n    'yyyy\u2010MM\u2010dd',\n    'JST') DESC LIMIT 100\n\n\u7d50\u8ad6\u3068\u3057\u3066\u306f\u3001Presto\u306f\u30af\u30a8\u30ea\u306e\u5b9f\u884c\u8a08\u753b\u306e\u30aa\u30d7\u30c6\u30a3\u30de\u30a4\u30b6\u304c\u8ce2\u3044\u306e\u3067\u3001\u3046\u307e\u304f\u3084\u3063\u3066\u304f\u308c\u3066\u308b\u3063\u307d\u3044\u3002\n\u304c\u3001SELECT\u306e\u524d\u306bEXPLAIN\u3092\u3057\u3066\u305d\u308c\u305e\u308c\u306e\u5b9f\u884c\u8a08\u753b\u3092\u307f\u3066\u307f\u305f\u3002\n\nHive\u306e\u5b9f\u884c\u8a08\u753b\n\u4e0a\u8a18\u306e\u307e\u307e\u3060\u3068\u30a8\u30e9\u30fc\u306b\u306a\u308b\u306e\u3067\u3001order by\u306etd_time_format\u306ftime\u306b\u76f4\u3057\u3066\u3044\u308b\u3002\n\u5b9f\u884c\u8a08\u753b\u3092\u307f\u308b\u3068\u3001Stage-1\u306esort order\u306e\u969b\u306b\u306f\u65e2\u306b_col0\u304cstring\u306b\u306a\u3063\u3066\u3044\u308b\u3002\nstring\u306b\u306a\u308b\u306e\u306f\u3001\u305d\u306e\u524d\u6bb5\u968e\u3067\u5b9f\u884c\u3055\u308c\u308bSelect Operator\u306e\u4e2d\u3067TD_TIME_FORMAT\u304c\u9069\u7528\u3055\u308c\u3066\u3044\u308b\u304b\u3089\u3067\u3001\u5358\u7d14\u306a\u51e6\u7406\u306e\u6d41\u308c\u3067\u8003\u3048\u308b\u3068\u305d\u3046\u306a\u308a\u305d\u3046\u3067\u3059\u3002\n                  Reduce Output Operator\n                    key expressions: _col0 (type: string)\n                    sort order: +\n                    Map-reduce partition columns: _col0 (type: string)\n\n\nSTAGE DEPENDENCIES:\n  Stage-1 is a root stage\n  Stage-2 depends on stages: Stage-1\n  Stage-0 is a root stage\n\nSTAGE PLANS:\n  Stage: Stage-1\n    Map Reduce\n      Map Operator Tree:\n          TableScan\n            alias: adjust\n            Statistics: Num rows: 0 Data size: 0 Basic stats: NONE Column stats: NONE\n            Filter Operator\n              predicate: ((network = 'Organic') and TD_TIME_RANGE(time, td_time_add(TD_SCHEDULED_TIME(), '-1d', 'JST'))) (type: boolean)\n              Statistics: Num rows: 0 Data size: 0 Basic stats: NONE Column stats: NONE\n              Select Operator\n                expressions: time (type: int)\n                outputColumnNames: time\n                Statistics: Num rows: 0 Data size: 0 Basic stats: NONE Column stats: NONE\n                Group By Operator\n                  aggregations: count()\n                  keys: td_time_format(time, 'yyyy\u2010MM\u2010dd', 'JST') (type: string)\n                  mode: hash\n                  outputColumnNames: _col0, _col1\n                  Statistics: Num rows: 0 Data size: 0 Basic stats: NONE Column stats: NONE\n                  Reduce Output Operator\n                    key expressions: _col0 (type: string)\n                    sort order: +\n                    Map-reduce partition columns: _col0 (type: string)\n                    Statistics: Num rows: 0 Data size: 0 Basic stats: NONE Column stats: NONE\n                    value expressions: _col1 (type: bigint)\n      Reduce Operator Tree:\n        Group By Operator\n          aggregations: count(VALUE._col0)\n          keys: KEY._col0 (type: string)\n          mode: mergepartial\n          outputColumnNames: _col0, _col1\n          Statistics: Num rows: 0 Data size: 0 Basic stats: NONE Column stats: NONE\n          Select Operator\n            expressions: _col0 (type: string), _col1 (type: bigint)\n            outputColumnNames: _col0, _col1\n            Statistics: Num rows: 0 Data size: 0 Basic stats: NONE Column stats: NONE\n            File Output Operator\n              compressed: true\n              table:\n                  input format: org.apache.hadoop.mapred.SequenceFileInputFormat\n                  output format: org.apache.hadoop.hive.ql.io.HiveSequenceFileOutputFormat\n                  serde: org.apache.hadoop.hive.serde2.lazybinary.LazyBinarySerDe\n\n  Stage: Stage-2\n    Map Reduce\n      Map Operator Tree:\n          TableScan\n            Reduce Output Operator\n              key expressions: _col0 (type: string)\n              sort order: -\n              Statistics: Num rows: 0 Data size: 0 Basic stats: NONE Column stats: NONE\n              value expressions: _col0 (type: string), _col1 (type: bigint)\n      Reduce Operator Tree:\n        Extract\n          Statistics: Num rows: 0 Data size: 0 Basic stats: NONE Column stats: NONE\n          Limit\n            Number of rows: 100\n            Statistics: Num rows: 0 Data size: 0 Basic stats: NONE Column stats: NONE\n            File Output Operator\n              compressed: false\n              Statistics: Num rows: 0 Data size: 0 Basic stats: NONE Column stats: NONE\n              table:\n                  input format: org.apache.hadoop.mapred.SequenceFileInputFormat\n                  output format: org.apache.hadoop.hive.ql.io.HiveSequenceFileOutputFormat\n                  serde: org.apache.hadoop.hive.serde2.lazy.LazySimpleSerDe\n\n  Stage: Stage-0\n    Fetch Operator\n      limit: 100\n\n\nPresto\u306e\u5b9f\u884c\u8a08\u753b\nORDER BY TD_~\u3067\u3082time\u3067\u30821\u306b\u3057\u3066\u3082\u5168\u90e8\u4e0b\u306e\u5b9f\u884c\u8a08\u753b\u306b\u306a\u308b\u3002\n\u4e0b\u8a18\u306e\u6bb5\u968e\u3067limit\u3082\u542b\u3081\u3066\u826f\u304d\u3088\u3046\u306b\u8a08\u3089\u3063\u3066\u304f\u308c\u3066\u3044\u308b\u307f\u305f\u3044\u3002\n- TopN[100 by (td_time_format DESC_NULLS_LAST)] => [td_time_format:varchar, count:bigint]\n- Output[time, cnt] => [td_time_format:varchar, count:bigint]\n        time := td_time_format\n        cnt := count\n    - TopN[100 by (td_time_format DESC_NULLS_LAST)] => [td_time_format:varchar, count:bigint]\n        - Exchange[GATHER] => td_time_format:varchar, count:bigint\n            - TopN[100 by (td_time_format DESC_NULLS_LAST)] => [td_time_format:varchar, count:bigint]\n                - Project => [td_time_format:varchar, count:bigint]\n                    - Aggregate(FINAL)[td_time_format] => [td_time_format:varchar, $hashvalue:bigint, count:bigint]\n                            count := \"\"count\"\"(\"\"count_8\"\")\n                        - Exchange[REPARTITION] => td_time_format:varchar, count_8:bigint, $hashvalue:bigint\n                            - Aggregate(PARTIAL)[td_time_format] => [td_time_format:varchar, $hashvalue_9:bigint, count_8:bigint]\n                                    count_8 := \"\"count\"\"(*)\n                                - Project => [td_time_format:varchar, $hashvalue_9:bigint]\n                                        $hashvalue_9 := \"\"combine_hash\"\"(0, COALESCE(\"\"$operator$hash_code\"\"(\"\"td_time_format\"\"), 0))\n                                    - Project => [td_time_format:varchar]\n                                            td_time_format := \"\"td_time_format\"\"(\"\"time\"\", CAST('yyyy\u2010MM\u2010dd' AS VARCHAR), CAST('JST' AS VARCHAR))\n                                        - Filter[((\"\"time\"\" >= 1460446740) AND (\"\"network\"\" = CAST('Organic' AS VARCHAR)))] => [network:varchar, time:bigint]\n                                            - TableScan[td-presto:td:support.adjust, originalConstraint = ((\"\"network\"\" = 'Organic') AND (\"\"time\"\" >= 1460446740))] => [network:varchar, time:bigint]\n                                                    LAYOUT: com.treasure_data.presto.connector.TDTableLayoutHandle@57531b8\n                                                    network := td:network\n                                                    time := td:time\n\n\u305d\u3046\u3044\u3048\u3070\u3001Presto\u306e- TableScan[td-presto:td:support.adjust, originalConstraint = ((\"\"network\"\" = 'Organic') AND (\"\"time\"\" >= 1460446740))] => [network:varchar, time:bigint]\n\u3092\u898b\u308b\u3068\u3001TableScan\u6642\u306btime\u30ab\u30e9\u30e0\u306e\u30d1\u30fc\u30c6\u30a3\u30b7\u30e7\u30cb\u30f3\u30b0\u3068\u30ab\u30e9\u30e0\u30ca\u30c7\u30fc\u30bf\u30d9\u30fc\u30b9\u306b\u3088\u308bnetwork\u306e\u30ab\u30e9\u30e0\u3060\u3051\u30b9\u30ad\u30e3\u30f3\u5bfe\u8c61\u306b\u306a\u3063\u3066\u3044\u308b\u3053\u3068\u304c\u308f\u304b\u3063\u305f\u308a\u3059\u308b\u3002\n\n\u7d50\u8ad6\n\u305f\u3060\u306e\u78ba\u8a8d\u3002\nORDER BY 1\u3063\u3066\u4f7f\u3048\u3070\u9593\u9055\u3044\u304c\u5c11\u306a\u3044\u304b\u3082\u3002\u3063\u3066\u304a\u3082\u3063\u305f\u3051\u3069\u3001hive\u3060\u3068order by 1\u3063\u3066\u3084\u308b\u3068\uff11\u756a\u76ee\u306e\u30ab\u30e9\u30e0\u3092\u305d\u306e\u307e\u307e\u5229\u7528\u3059\u308b\u304b\u3089\u540c\u3058\u304f\u30a8\u30e9\u30fc\u306b\u306a\u308a\u307e\u3059\u306d\u3002\u30ab\u30e9\u30e0\u540d\u306f\u5909\u3048\u3066\u3044\u304f\u306e\u304c\u826f\u3055\u305d\u3046\u3067\u3059\u3002\n# \u306f\u3058\u3081\u306b\nHive 0.13/Presto0.144 on TreasureData\u3067\u306e\u30e1\u30e2\u3002\nOrder by\u3067\u4e0b\u8a18\u306e\u30b1\u30fc\u30b9\u3067Hive\u3067\u306f\u30a8\u30e9\u30fc\u306b\u306a\u308a\u3001Presto\u3067\u306f\u6210\u529f\u3057\u305f\u306e\u3067\u3001\u5b9f\u884c\u8a08\u753b\u3092\u773a\u3081\u3066\u307f\u305f\u3002\n\u3042\u304f\u307e\u3067\u773a\u3081\u305f\u3060\u3051\u306a\u306e\u3067\u3001\u306a\u305c\u5b9f\u884c\u8a08\u753b\u304c\u305d\u306e\u3088\u3046\u306b\u306a\u308b\u304b\u306b\u3064\u3044\u3066\u306f\u89e6\u308c\u306a\u3044\u3067\u3059\u3002\n(TD_TIME_FORMAT\u306funixtime(bigint/long/int)\u3092\u6307\u5b9a\u306e\u30d5\u30a9\u30fc\u30de\u30c3\u30c8\u306e\u6587\u5b57\u5217\u306b\u5909\u63db\u3059\u308bUDF)\n\n\u539f\u56e0\u3068\u3057\u3066\u306f\u3001Hive\u306eOrder by\u3067\u306eTD_TIME_FORMAT\u306e\u8a55\u4fa1\u304cSELECT\u5185\u3067time\u3092\u5909\u63db\u3057\u305f\u5f8c\u306b\u884c\u308f\u308c\u308b\u305f\u3081\u306b\u3001\u6587\u5b57\u5217\u306b\u5bfe\u3057\u3066`TD_TIME_FORMAT`\u3092\u304b\u3051\u308b\u305f\u3081\u306b\u30a8\u30e9\u30fc\u306b\u306a\u3063\u3066\u3057\u307e\u3046\u3002\nORDER BY\u306e\u8a55\u4fa1\u9806\u3068\u3057\u3066\u306f\u3053\u308c\u304c\u6b63\u3057\u305d\u3046\u3067\u3001Presto\u306f\u306a\u305c\u304b\u6210\u529f\u3059\u308b\u3002\n\n\n``` sql\nSELECT \n  TD_TIME_FORMAT(time,\n    'yyyy\u2010MM\u2010dd',\n    'JST') AS time,\n  COUNT(*) AS cnt\nFROM\n  adjust\nWHERE\n  network = 'Organic'\n  AND TD_TIME_RANGE(time,\n    TD_TIME_ADD(TD_SCHEDULED_TIME(),\n      '-1d',\n      'JST'))\nGROUP BY\n  TD_TIME_FORMAT(time,\n    'yyyy\u2010MM\u2010dd',\n    'JST')\nORDER BY TD_TIME_FORMAT(time,\n    'yyyy\u2010MM\u2010dd',\n    'JST') DESC LIMIT 100\n```\n\n\u7d50\u8ad6\u3068\u3057\u3066\u306f\u3001Presto\u306f\u30af\u30a8\u30ea\u306e\u5b9f\u884c\u8a08\u753b\u306e\u30aa\u30d7\u30c6\u30a3\u30de\u30a4\u30b6\u304c\u8ce2\u3044\u306e\u3067\u3001\u3046\u307e\u304f\u3084\u3063\u3066\u304f\u308c\u3066\u308b\u3063\u307d\u3044\u3002\n\u304c\u3001SELECT\u306e\u524d\u306bEXPLAIN\u3092\u3057\u3066\u305d\u308c\u305e\u308c\u306e\u5b9f\u884c\u8a08\u753b\u3092\u307f\u3066\u307f\u305f\u3002\n\n# Hive\u306e\u5b9f\u884c\u8a08\u753b\n\n\u4e0a\u8a18\u306e\u307e\u307e\u3060\u3068\u30a8\u30e9\u30fc\u306b\u306a\u308b\u306e\u3067\u3001order by\u306etd_time_format\u306ftime\u306b\u76f4\u3057\u3066\u3044\u308b\u3002\n\u5b9f\u884c\u8a08\u753b\u3092\u307f\u308b\u3068\u3001Stage-1\u306esort order\u306e\u969b\u306b\u306f\u65e2\u306b`_col0`\u304cstring\u306b\u306a\u3063\u3066\u3044\u308b\u3002\nstring\u306b\u306a\u308b\u306e\u306f\u3001\u305d\u306e\u524d\u6bb5\u968e\u3067\u5b9f\u884c\u3055\u308c\u308bSelect Operator\u306e\u4e2d\u3067TD_TIME_FORMAT\u304c\u9069\u7528\u3055\u308c\u3066\u3044\u308b\u304b\u3089\u3067\u3001\u5358\u7d14\u306a\u51e6\u7406\u306e\u6d41\u308c\u3067\u8003\u3048\u308b\u3068\u305d\u3046\u306a\u308a\u305d\u3046\u3067\u3059\u3002\n\n```\n                  Reduce Output Operator\n                    key expressions: _col0 (type: string)\n                    sort order: +\n                    Map-reduce partition columns: _col0 (type: string)\n```\n\n```bash\n\nSTAGE DEPENDENCIES:\n  Stage-1 is a root stage\n  Stage-2 depends on stages: Stage-1\n  Stage-0 is a root stage\n\nSTAGE PLANS:\n  Stage: Stage-1\n    Map Reduce\n      Map Operator Tree:\n          TableScan\n            alias: adjust\n            Statistics: Num rows: 0 Data size: 0 Basic stats: NONE Column stats: NONE\n            Filter Operator\n              predicate: ((network = 'Organic') and TD_TIME_RANGE(time, td_time_add(TD_SCHEDULED_TIME(), '-1d', 'JST'))) (type: boolean)\n              Statistics: Num rows: 0 Data size: 0 Basic stats: NONE Column stats: NONE\n              Select Operator\n                expressions: time (type: int)\n                outputColumnNames: time\n                Statistics: Num rows: 0 Data size: 0 Basic stats: NONE Column stats: NONE\n                Group By Operator\n                  aggregations: count()\n                  keys: td_time_format(time, 'yyyy\u2010MM\u2010dd', 'JST') (type: string)\n                  mode: hash\n                  outputColumnNames: _col0, _col1\n                  Statistics: Num rows: 0 Data size: 0 Basic stats: NONE Column stats: NONE\n                  Reduce Output Operator\n                    key expressions: _col0 (type: string)\n                    sort order: +\n                    Map-reduce partition columns: _col0 (type: string)\n                    Statistics: Num rows: 0 Data size: 0 Basic stats: NONE Column stats: NONE\n                    value expressions: _col1 (type: bigint)\n      Reduce Operator Tree:\n        Group By Operator\n          aggregations: count(VALUE._col0)\n          keys: KEY._col0 (type: string)\n          mode: mergepartial\n          outputColumnNames: _col0, _col1\n          Statistics: Num rows: 0 Data size: 0 Basic stats: NONE Column stats: NONE\n          Select Operator\n            expressions: _col0 (type: string), _col1 (type: bigint)\n            outputColumnNames: _col0, _col1\n            Statistics: Num rows: 0 Data size: 0 Basic stats: NONE Column stats: NONE\n            File Output Operator\n              compressed: true\n              table:\n                  input format: org.apache.hadoop.mapred.SequenceFileInputFormat\n                  output format: org.apache.hadoop.hive.ql.io.HiveSequenceFileOutputFormat\n                  serde: org.apache.hadoop.hive.serde2.lazybinary.LazyBinarySerDe\n\n  Stage: Stage-2\n    Map Reduce\n      Map Operator Tree:\n          TableScan\n            Reduce Output Operator\n              key expressions: _col0 (type: string)\n              sort order: -\n              Statistics: Num rows: 0 Data size: 0 Basic stats: NONE Column stats: NONE\n              value expressions: _col0 (type: string), _col1 (type: bigint)\n      Reduce Operator Tree:\n        Extract\n          Statistics: Num rows: 0 Data size: 0 Basic stats: NONE Column stats: NONE\n          Limit\n            Number of rows: 100\n            Statistics: Num rows: 0 Data size: 0 Basic stats: NONE Column stats: NONE\n            File Output Operator\n              compressed: false\n              Statistics: Num rows: 0 Data size: 0 Basic stats: NONE Column stats: NONE\n              table:\n                  input format: org.apache.hadoop.mapred.SequenceFileInputFormat\n                  output format: org.apache.hadoop.hive.ql.io.HiveSequenceFileOutputFormat\n                  serde: org.apache.hadoop.hive.serde2.lazy.LazySimpleSerDe\n\n  Stage: Stage-0\n    Fetch Operator\n      limit: 100\n```\n\n# Presto\u306e\u5b9f\u884c\u8a08\u753b\n\nORDER BY TD_~\u3067\u3082time\u3067\u30821\u306b\u3057\u3066\u3082\u5168\u90e8\u4e0b\u306e\u5b9f\u884c\u8a08\u753b\u306b\u306a\u308b\u3002\n\u4e0b\u8a18\u306e\u6bb5\u968e\u3067limit\u3082\u542b\u3081\u3066\u826f\u304d\u3088\u3046\u306b\u8a08\u3089\u3063\u3066\u304f\u308c\u3066\u3044\u308b\u307f\u305f\u3044\u3002\n`- TopN[100 by (td_time_format DESC_NULLS_LAST)] => [td_time_format:varchar, count:bigint]`\n\n```\n- Output[time, cnt] => [td_time_format:varchar, count:bigint]\n        time := td_time_format\n        cnt := count\n    - TopN[100 by (td_time_format DESC_NULLS_LAST)] => [td_time_format:varchar, count:bigint]\n        - Exchange[GATHER] => td_time_format:varchar, count:bigint\n            - TopN[100 by (td_time_format DESC_NULLS_LAST)] => [td_time_format:varchar, count:bigint]\n                - Project => [td_time_format:varchar, count:bigint]\n                    - Aggregate(FINAL)[td_time_format] => [td_time_format:varchar, $hashvalue:bigint, count:bigint]\n                            count := \"\"count\"\"(\"\"count_8\"\")\n                        - Exchange[REPARTITION] => td_time_format:varchar, count_8:bigint, $hashvalue:bigint\n                            - Aggregate(PARTIAL)[td_time_format] => [td_time_format:varchar, $hashvalue_9:bigint, count_8:bigint]\n                                    count_8 := \"\"count\"\"(*)\n                                - Project => [td_time_format:varchar, $hashvalue_9:bigint]\n                                        $hashvalue_9 := \"\"combine_hash\"\"(0, COALESCE(\"\"$operator$hash_code\"\"(\"\"td_time_format\"\"), 0))\n                                    - Project => [td_time_format:varchar]\n                                            td_time_format := \"\"td_time_format\"\"(\"\"time\"\", CAST('yyyy\u2010MM\u2010dd' AS VARCHAR), CAST('JST' AS VARCHAR))\n                                        - Filter[((\"\"time\"\" >= 1460446740) AND (\"\"network\"\" = CAST('Organic' AS VARCHAR)))] => [network:varchar, time:bigint]\n                                            - TableScan[td-presto:td:support.adjust, originalConstraint = ((\"\"network\"\" = 'Organic') AND (\"\"time\"\" >= 1460446740))] => [network:varchar, time:bigint]\n                                                    LAYOUT: com.treasure_data.presto.connector.TDTableLayoutHandle@57531b8\n                                                    network := td:network\n                                                    time := td:time\n```\n\n\u305d\u3046\u3044\u3048\u3070\u3001Presto\u306e`- TableScan[td-presto:td:support.adjust, originalConstraint = ((\"\"network\"\" = 'Organic') AND (\"\"time\"\" >= 1460446740))] => [network:varchar, time:bigint]`\n\u3092\u898b\u308b\u3068\u3001TableScan\u6642\u306btime\u30ab\u30e9\u30e0\u306e\u30d1\u30fc\u30c6\u30a3\u30b7\u30e7\u30cb\u30f3\u30b0\u3068\u30ab\u30e9\u30e0\u30ca\u30c7\u30fc\u30bf\u30d9\u30fc\u30b9\u306b\u3088\u308bnetwork\u306e\u30ab\u30e9\u30e0\u3060\u3051\u30b9\u30ad\u30e3\u30f3\u5bfe\u8c61\u306b\u306a\u3063\u3066\u3044\u308b\u3053\u3068\u304c\u308f\u304b\u3063\u305f\u308a\u3059\u308b\u3002\n\n# \u7d50\u8ad6\n\u305f\u3060\u306e\u78ba\u8a8d\u3002\nORDER BY 1\u3063\u3066\u4f7f\u3048\u3070\u9593\u9055\u3044\u304c\u5c11\u306a\u3044\u304b\u3082\u3002\u3063\u3066\u304a\u3082\u3063\u305f\u3051\u3069\u3001hive\u3060\u3068order by 1\u3063\u3066\u3084\u308b\u3068\uff11\u756a\u76ee\u306e\u30ab\u30e9\u30e0\u3092\u305d\u306e\u307e\u307e\u5229\u7528\u3059\u308b\u304b\u3089\u540c\u3058\u304f\u30a8\u30e9\u30fc\u306b\u306a\u308a\u307e\u3059\u306d\u3002\u30ab\u30e9\u30e0\u540d\u306f\u5909\u3048\u3066\u3044\u304f\u306e\u304c\u826f\u3055\u305d\u3046\u3067\u3059\u3002\n", "tags": ["Presto", "hive", "TreasureData"]}